Node: 2, 206.0
  Node: 0, 43.2
    Node: 0, 42.3
      Node: 1, 16.6
        Node: 0, 38.1
          Leaf: Adelie
          Leaf: Chinstrap
        Leaf: Adelie
      Node: 4, -0.5
        Leaf: Adelie
        Leaf: Chinstrap
    Node: 3, 4100.0
      Leaf: Chinstrap
      Node: 0, 48.4
        Node: 4, -0.5
          Leaf: Adelie
          Node: 0, 46.0
            Leaf: Chinstrap
            Leaf: Gentoo
        Leaf: Chinstrap
  Node: 1, 17.3
    Leaf: Gentoo
    Node: 1, 18.9
      Leaf: Adelie
      Leaf: Chinstrap

Adelie
Adelie
Adelie
Adelie
Adelie
Adelie
Adelie
Adelie
Adelie
Adelie
Adelie
Adelie
Adelie
Adelie
Adelie
Adelie
Adelie
Adelie
Adelie
Adelie
Adelie
Adelie
Adelie
Adelie
Adelie
Adelie
Adelie
Adelie
Adelie
Adelie
Adelie
Adelie
Adelie
Adelie
Adelie
Adelie
Adelie
Adelie
Adelie
Adelie
Adelie
Adelie
Adelie
Adelie
Adelie
Adelie
Adelie
Adelie
Adelie
Adelie
Adelie
Adelie
Adelie
Adelie
Adelie
Adelie
Adelie
Adelie
Adelie
Adelie
Adelie
Adelie
Adelie
Adelie
Adelie
Adelie
Adelie
Adelie
Adelie
Adelie
Adelie
Adelie
Adelie
Adelie
Adelie
Adelie
Adelie
Adelie
Adelie
Adelie
Adelie
Adelie
Adelie
Adelie
Adelie
Adelie
Adelie
Adelie
Adelie
Adelie
Adelie
Adelie
Adelie
Adelie
Adelie
Adelie
Adelie
Adelie
Adelie
Adelie
Adelie
Adelie
Adelie
Adelie
Adelie
Adelie
Adelie
Adelie
Adelie
Adelie
Adelie
Adelie
Adelie
Adelie
Adelie
Adelie
Adelie
Adelie
Adelie
Adelie
Adelie
Adelie
Adelie
Adelie
Adelie
Adelie
Adelie
Adelie
Adelie
Adelie
Adelie
Adelie
Adelie
Adelie
Adelie
Adelie
Adelie
Adelie
Adelie
Adelie
Adelie
Adelie
Adelie
Adelie
Adelie
Adelie
Chinstrap
Chinstrap
Chinstrap
Chinstrap
Chinstrap
Chinstrap
Chinstrap
Chinstrap
Chinstrap
Chinstrap
Chinstrap
Chinstrap
Chinstrap
Chinstrap
Chinstrap
Chinstrap
Chinstrap
Chinstrap
Chinstrap
Chinstrap
Chinstrap
Chinstrap
Chinstrap
Chinstrap
Chinstrap
Chinstrap
Chinstrap
Chinstrap
Chinstrap
Chinstrap
Chinstrap
Chinstrap
Chinstrap
Chinstrap
Chinstrap
Chinstrap
Chinstrap
Chinstrap
Chinstrap
Chinstrap
Chinstrap
Chinstrap
Chinstrap
Chinstrap
Chinstrap
Chinstrap
Chinstrap
Chinstrap
Chinstrap
Chinstrap
Chinstrap
Chinstrap
Chinstrap
Chinstrap
Chinstrap
Chinstrap
Chinstrap
Chinstrap
Chinstrap
Chinstrap
Chinstrap
Chinstrap
Chinstrap
Chinstrap
Chinstrap
Chinstrap
Chinstrap
Chinstrap
Gentoo
Gentoo
Gentoo
Gentoo
Gentoo
Gentoo
Gentoo
Gentoo
Gentoo
Gentoo
Gentoo
Gentoo
Gentoo
Gentoo
Gentoo
Gentoo
Gentoo
Gentoo
Gentoo
Gentoo
Gentoo
Gentoo
Gentoo
Gentoo
Gentoo
Gentoo
Gentoo
Gentoo
Gentoo
Gentoo
Gentoo
Gentoo
Gentoo
Gentoo
Gentoo
Gentoo
Gentoo
Gentoo
Gentoo
Gentoo
Gentoo
Gentoo
Gentoo
Gentoo
Gentoo
Gentoo
Gentoo
Gentoo
Gentoo
Gentoo
Gentoo
Gentoo
Gentoo
Gentoo
Gentoo
Gentoo
Gentoo
Gentoo
Gentoo
Gentoo
Gentoo
Gentoo
Gentoo
Gentoo
Gentoo
Gentoo
Gentoo
Gentoo
Gentoo
Gentoo
Gentoo
Gentoo
Gentoo
Gentoo
Gentoo
Gentoo
Gentoo
Gentoo
Gentoo
Gentoo
Gentoo
Gentoo
Gentoo
Gentoo
Gentoo
Gentoo
Gentoo
Gentoo
Gentoo
Gentoo
Gentoo
Gentoo
Gentoo
Gentoo
Gentoo
Gentoo
Gentoo
Gentoo
Gentoo
Gentoo
Gentoo
Gentoo
Gentoo
Gentoo
Gentoo
Gentoo
Gentoo
Gentoo
Gentoo
Gentoo
Gentoo
Gentoo
Gentoo
Gentoo
Gentoo
Gentoo
Gentoo
Gentoo
Gentoo
Adelie
Adelie
Adelie
Adelie
Adelie
Adelie
Adelie
Adelie
Adelie
Adelie
Adelie
Adelie
Adelie
Adelie
Adelie
Adelie
Adelie
Adelie
Adelie
Adelie
Adelie
Adelie
Adelie
Adelie
Adelie
Adelie
Adelie
Adelie
Adelie
Adelie
Adelie
Adelie
Adelie
Adelie
Adelie
Adelie
Adelie
Adelie
Adelie
Adelie
Adelie
Adelie
Adelie
Adelie
Adelie
Adelie
Adelie
Adelie
Adelie
Adelie
Adelie
Adelie
Adelie
Adelie
Adelie
Adelie
Adelie
Adelie
Adelie
Adelie
Adelie
Adelie
Adelie
Adelie
Adelie
Adelie
Adelie
Adelie
Adelie
Adelie
Adelie
Adelie
Adelie
Adelie
Adelie
Adelie
Adelie
Adelie
Adelie
Adelie
Adelie
Adelie
Adelie
Adelie
Adelie
Adelie
Adelie
Adelie
Adelie
Adelie
Adelie
Adelie
Adelie
Adelie
Adelie
Adelie
Adelie
Adelie
Adelie
Adelie
Adelie
Adelie
Adelie
Adelie
Adelie
Adelie
Adelie
Adelie
Adelie
Adelie
Adelie
Adelie
Adelie
Adelie
Adelie
Adelie
Adelie
Adelie
Adelie
Adelie
Adelie
Adelie
Adelie
Adelie
Adelie
Adelie
Adelie
Adelie
Adelie
Adelie
Adelie
Adelie
Adelie
Adelie
Adelie
Adelie
Adelie
Adelie
Adelie
Adelie
Adelie
Adelie
Adelie
Adelie
Adelie
Adelie
Chinstrap
Chinstrap
Chinstrap
Chinstrap
Chinstrap
Chinstrap
Chinstrap
Chinstrap
Chinstrap
Chinstrap
Chinstrap
Chinstrap
Chinstrap
Chinstrap
Chinstrap
Chinstrap
Chinstrap
Chinstrap
Chinstrap
Chinstrap
Chinstrap
Chinstrap
Chinstrap
Chinstrap
Chinstrap
Chinstrap
Chinstrap
Chinstrap
Chinstrap
Chinstrap
Chinstrap
Chinstrap
Chinstrap
Chinstrap
Chinstrap
Chinstrap
Chinstrap
Chinstrap
Chinstrap
Chinstrap
Chinstrap
Chinstrap
Chinstrap
Chinstrap
Chinstrap
Chinstrap
Chinstrap
Chinstrap
Chinstrap
Chinstrap
Chinstrap
Chinstrap
Chinstrap
Chinstrap
Chinstrap
Chinstrap
Chinstrap
Chinstrap
Chinstrap
Chinstrap
Chinstrap
Chinstrap
Chinstrap
Chinstrap
Chinstrap
Chinstrap
Chinstrap
Chinstrap
Gentoo
Gentoo
Gentoo
Gentoo
Gentoo
Gentoo
Gentoo
Gentoo
Gentoo
Gentoo
Gentoo
Gentoo
Gentoo
Gentoo
Gentoo
Gentoo
Gentoo
Gentoo
Gentoo
Gentoo
Gentoo
Gentoo
Gentoo
Gentoo
Gentoo
Gentoo
Gentoo
Gentoo
Gentoo
Gentoo
Gentoo
Gentoo
Gentoo
Gentoo
Gentoo
Gentoo
Gentoo
Gentoo
Gentoo
Gentoo
Gentoo
Gentoo
Gentoo
Gentoo
Gentoo
Gentoo
Gentoo
Gentoo
Gentoo
Gentoo
Gentoo
Gentoo
Gentoo
Gentoo
Gentoo
Gentoo
Gentoo
Gentoo
Gentoo
Gentoo
Gentoo
Gentoo
Gentoo
Gentoo
Gentoo
Gentoo
Gentoo
Gentoo
Gentoo
Gentoo
Gentoo
Gentoo
Gentoo
Gentoo
Gentoo
Gentoo
Gentoo
Gentoo
Gentoo
Gentoo
Gentoo
Gentoo
Gentoo
Gentoo
Gentoo
Gentoo
Gentoo
Gentoo
Gentoo
Gentoo
Gentoo
Gentoo
Gentoo
Gentoo
Gentoo
Gentoo
Gentoo
Gentoo
Gentoo
Gentoo
Gentoo
Gentoo
Gentoo
Gentoo
Gentoo
Gentoo
Gentoo
Gentoo
Gentoo
Gentoo
Gentoo
Gentoo
Gentoo
Gentoo
Gentoo
Gentoo
Gentoo
Gentoo
Gentoo
Node: 2, 206.0
  Node: 0, 43.2
    Node: 0, 42.3
      Leaf: Adelie
      Node: 4, -0.5
        Leaf: Adelie
        Leaf: Chinstrap
    Node: 3, 4050.0
      Leaf: Chinstrap
      Node: 0, 48.4
        Node: 4, -0.5
          Leaf: Adelie
          Node: 1, 14.4
            Leaf: Gentoo
            Leaf: Chinstrap
        Leaf: Chinstrap
  Node: 1, 17.1
    Leaf: Gentoo
    Node: 0, 44.1
      Leaf: Adelie
      Leaf: Chinstrap

Gentoo
Gentoo
Adelie
Gentoo
Chinstrap
Chinstrap
Gentoo
Gentoo
Adelie
Adelie
Adelie
Adelie
Adelie
Chinstrap
Adelie
Adelie
Adelie
Gentoo
Gentoo
Adelie
Chinstrap
Adelie
Gentoo
Gentoo
Adelie
Chinstrap
Adelie
Gentoo
Adelie
Chinstrap
Chinstrap
Chinstrap
Adelie
Gentoo
Adelie
Chinstrap
Adelie
Chinstrap
Gentoo
Adelie
Adelie
Gentoo
Adelie
Adelie
Adelie
Chinstrap
Adelie
Adelie
Chinstrap
Adelie
Adelie
Adelie
Gentoo
Adelie
Gentoo
Adelie
Adelie
Gentoo
Adelie
Gentoo
Chinstrap
Gentoo
Chinstrap
Gentoo
Gentoo
Gentoo
Chinstrap
Gentoo
Adelie
Adelie
Gentoo
Chinstrap
Chinstrap
Adelie
Chinstrap
Chinstrap
Adelie
Gentoo
Gentoo
Gentoo
Chinstrap
Gentoo
Gentoo
Chinstrap
Gentoo
Adelie
Adelie
Chinstrap
Gentoo
Adelie
Gentoo
Gentoo
Adelie
Adelie
Adelie
Adelie
Gentoo
Adelie
Chinstrap
Gentoo
Adelie
Chinstrap
Gentoo
Adelie
Gentoo
Adelie
Gentoo
Adelie
Chinstrap
Adelie
Chinstrap
Adelie
Adelie
Adelie
Chinstrap
Adelie
Gentoo
Adelie
Gentoo
Adelie
Adelie
Gentoo
Chinstrap
Chinstrap
Adelie
Adelie
Adelie
Gentoo
Chinstrap
Adelie
Adelie
Gentoo
Adelie
Gentoo
Adelie
Gentoo
Gentoo
Gentoo
Adelie
Chinstrap
Gentoo
Gentoo
Chinstrap
Adelie
Chinstrap
Adelie
Adelie
Gentoo
Adelie
Chinstrap
Adelie
Gentoo
Gentoo
Adelie
Gentoo
Chinstrap
Gentoo
Adelie
Gentoo
Gentoo
Gentoo
Adelie
Adelie
Adelie
Gentoo
Chinstrap
Gentoo
Gentoo
Gentoo
Adelie
Adelie
Gentoo
Adelie
Adelie
Adelie
Adelie
Adelie
Chinstrap
Adelie
Gentoo
Gentoo
Gentoo
Gentoo
Gentoo
Chinstrap
Chinstrap
Gentoo
Gentoo
Gentoo
Gentoo
Gentoo
Chinstrap
Chinstrap
Adelie
Gentoo
Chinstrap
Gentoo
Adelie
Adelie
Adelie
Adelie
Adelie
Chinstrap
Adelie
Gentoo
Adelie
Adelie
Gentoo
Gentoo
Adelie
Adelie
Gentoo
Chinstrap
Gentoo
Adelie
Gentoo
Gentoo
Adelie
Adelie
Chinstrap
Chinstrap
Gentoo
Chinstrap
Chinstrap
Adelie
Adelie
Gentoo
Gentoo
Adelie
Chinstrap
Gentoo
Chinstrap
Gentoo
Gentoo
Gentoo
Chinstrap
Adelie
Chinstrap
Adelie
Adelie
Gentoo
Adelie
Gentoo
Adelie
Chinstrap
Adelie
Adelie
Gentoo
Adelie
Adelie
Gentoo
Adelie
Chinstrap
Adelie
Gentoo
Gentoo
Chinstrap
Chinstrap
Chinstrap
Adelie
Adelie
Gentoo
Adelie
Gentoo
Adelie
Adelie
Chinstrap
Adelie
Gentoo
Adelie
Adelie
Gentoo
Chinstrap
Adelie
Adelie
Gentoo
Gentoo
Chinstrap
Gentoo
Chinstrap
Gentoo
Adelie
Adelie
Gentoo
Gentoo
Chinstrap
Gentoo
Adelie
Adelie
Adelie
Adelie
Chinstrap
Chinstrap
Adelie
Adelie
Gentoo
Adelie
Adelie
Gentoo
Adelie
Gentoo
Gentoo
Adelie
Adelie
Gentoo
Adelie
Adelie
Chinstrap
Chinstrap
Chinstrap
Gentoo
Gentoo
Adelie
Adelie
Gentoo
Adelie
Gentoo
Adelie
Gentoo
Adelie
Adelie
Chinstrap
Gentoo
Gentoo
Chinstrap
Adelie
Adelie
Adelie
Gentoo
Adelie
Adelie
Adelie
Adelie
Node: 1, 16.3
  Node: 0, 32.1
    Leaf: Adelie
    Leaf: Gentoo
  Node: 0, 42.3
    Leaf: Adelie
    Node: 3, 4150.0
      Node: 2, 206.0
        Leaf: Chinstrap
        Node: 0, 44.1
          Leaf: Adelie
          Leaf: Chinstrap
      Node: 2, 197.0
        Leaf: Adelie
        Node: 0, 52.0
          Leaf: Chinstrap
          Leaf: Gentoo

Chinstrap
Gentoo
Adelie
Adelie
Chinstrap
Gentoo
Adelie
Gentoo
Gentoo
Adelie
Adelie
Adelie
Adelie
Gentoo
Adelie
Chinstrap
Gentoo
Adelie
Chinstrap
Gentoo
Adelie
Gentoo
Adelie
Gentoo
Adelie
Chinstrap
Adelie
Chinstrap
Adelie
Adelie
Adelie
Chinstrap
Adelie
Gentoo
Adelie
Gentoo
Adelie
Adelie
Gentoo
Chinstrap
Chinstrap
Adelie
Adelie
Adelie
Gentoo
Chinstrap
Adelie
Adelie
Gentoo
Adelie
Gentoo
Adelie
Gentoo
Gentoo
Gentoo
Adelie
Chinstrap
Gentoo
Gentoo
Chinstrap
Adelie
Chinstrap
Adelie
Adelie
Gentoo
Adelie
Chinstrap
Adelie
Gentoo
Gentoo
Adelie
Gentoo
Chinstrap
Gentoo
Adelie
Gentoo
Gentoo
Gentoo
Adelie
Adelie
Adelie
Gentoo
Chinstrap
Gentoo
Gentoo
Gentoo
Adelie
Adelie
Gentoo
Adelie
Adelie
Adelie
Adelie
Adelie
Chinstrap
Adelie
Gentoo
Gentoo
Gentoo
Gentoo
Gentoo
Chinstrap
Chinstrap
Gentoo
Gentoo
Gentoo
Gentoo
Gentoo
Chinstrap
Chinstrap
Adelie
Gentoo
Chinstrap
Gentoo
Adelie
Adelie
Adelie
Adelie
Adelie
Chinstrap
Adelie
Gentoo
Adelie
Adelie
Gentoo
Gentoo
Adelie
Adelie
Gentoo
Chinstrap
Gentoo
Adelie
Gentoo
Gentoo
Adelie
Adelie
Chinstrap
Chinstrap
Gentoo
Chinstrap
Chinstrap
Adelie
Adelie
Gentoo
Gentoo
Adelie
Chinstrap
Gentoo
Chinstrap
Gentoo
Gentoo
Gentoo
Chinstrap
Adelie
Chinstrap
Adelie
Adelie
Gentoo
Adelie
Gentoo
Adelie
Chinstrap
Adelie
Adelie
Gentoo
Adelie
Adelie
Gentoo
Adelie
Chinstrap
Adelie
Gentoo
Gentoo
Chinstrap
Chinstrap
Chinstrap
Adelie
Adelie
Gentoo
Adelie
Gentoo
Adelie
Adelie
Chinstrap
Adelie
Gentoo
Chinstrap
Adelie
Gentoo
Chinstrap
Adelie
Adelie
Gentoo
Gentoo
Chinstrap
Gentoo
Chinstrap
Gentoo
Adelie
Adelie
Chinstrap
Gentoo
Chinstrap
Gentoo
Adelie
Gentoo
Adelie
Adelie
Chinstrap
Chinstrap
Adelie
Gentoo
Gentoo
Adelie
Adelie
Gentoo
Adelie
Gentoo
Gentoo
Adelie
Adelie
Gentoo
Adelie
Adelie
Chinstrap
Chinstrap
Chinstrap
Gentoo
Gentoo
Adelie
Adelie
Chinstrap
Gentoo
Gentoo
Adelie
Gentoo
Adelie
Adelie
Chinstrap
Gentoo
Gentoo
Gentoo
Adelie
Adelie
Adelie
Gentoo
Adelie
Adelie
Adelie
Adelie
Gentoo
Gentoo
Adelie
Gentoo
Gentoo
Chinstrap
Gentoo
Gentoo
Adelie
Adelie
Adelie
Adelie
Adelie
Chinstrap
Chinstrap
Adelie
Adelie
Gentoo
Gentoo
Adelie
Gentoo
Adelie
Gentoo
Gentoo
Adelie
Chinstrap
Adelie
Gentoo
Adelie
Chinstrap
Chinstrap
Chinstrap
Adelie
Gentoo
Adelie
Chinstrap
Adelie
Chinstrap
Gentoo
Adelie
Adelie
Gentoo
Gentoo
Adelie
Adelie
Chinstrap
Gentoo
Adelie
Chinstrap
Adelie
Adelie
Adelie
Gentoo
Chinstrap
Gentoo
Adelie
Chinstrap
Gentoo
Adelie
Gentoo
Chinstrap
Gentoo
Chinstrap
Chinstrap
Gentoo
Gentoo
Chinstrap
Gentoo
Adelie
Adelie
Gentoo
Chinstrap
Adelie
Adelie
Chinstrap
Chinstrap
Adelie
Gentoo
Gentoo
Gentoo
Chinstrap
Gentoo
Gentoo
Node: 3, 1.9
  Leaf: Iris-setosa
  Node: 0, 100.0
    Leaf: Iris-versicolor
    Leaf: Iris-virginica

Iris-setosa
Iris-setosa
Iris-setosa
Iris-setosa
Iris-setosa
Iris-setosa
Iris-setosa
Iris-setosa
Iris-setosa
Iris-setosa
Iris-setosa
Iris-setosa
Iris-setosa
Iris-setosa
Iris-setosa
Iris-setosa
Iris-setosa
Iris-setosa
Iris-setosa
Iris-setosa
Iris-setosa
Iris-setosa
Iris-setosa
Iris-setosa
Iris-setosa
Iris-setosa
Iris-setosa
Iris-setosa
Iris-setosa
Iris-setosa
Iris-setosa
Iris-setosa
Iris-setosa
Iris-setosa
Iris-setosa
Iris-setosa
Iris-setosa
Iris-setosa
Iris-setosa
Iris-setosa
Iris-setosa
Iris-setosa
Iris-setosa
Iris-setosa
Iris-setosa
Iris-setosa
Iris-setosa
Iris-setosa
Iris-setosa
Iris-setosa
Iris-versicolor
Iris-versicolor
Iris-versicolor
Iris-versicolor
Iris-versicolor
Iris-versicolor
Iris-versicolor
Iris-versicolor
Iris-versicolor
Iris-versicolor
Iris-versicolor
Iris-versicolor
Iris-versicolor
Iris-versicolor
Iris-versicolor
Iris-versicolor
Iris-versicolor
Iris-versicolor
Iris-versicolor
Iris-versicolor
Iris-versicolor
Iris-versicolor
Iris-versicolor
Iris-versicolor
Iris-versicolor
Iris-versicolor
Iris-versicolor
Iris-versicolor
Iris-versicolor
Iris-versicolor
Iris-versicolor
Iris-versicolor
Iris-versicolor
Iris-versicolor
Iris-versicolor
Iris-versicolor
Iris-versicolor
Iris-versicolor
Iris-versicolor
Iris-versicolor
Iris-versicolor
Iris-versicolor
Iris-versicolor
Iris-versicolor
Iris-versicolor
Iris-versicolor
Iris-versicolor
Iris-versicolor
Iris-versicolor
Iris-versicolor
Iris-virginica
Iris-virginica
Iris-virginica
Iris-virginica
Iris-virginica
Iris-virginica
Iris-virginica
Iris-virginica
Iris-virginica
Iris-virginica
Iris-virginica
Iris-virginica
Iris-virginica
Iris-virginica
Iris-virginica
Iris-virginica
Iris-virginica
Iris-virginica
Iris-virginica
Iris-virginica
Iris-virginica
Iris-virginica
Iris-virginica
Iris-virginica
Iris-virginica
Iris-virginica
Iris-virginica
Iris-virginica
Iris-virginica
Iris-virginica
Iris-virginica
Iris-virginica
Iris-virginica
Iris-virginica
Iris-virginica
Iris-virginica
Iris-virginica
Iris-virginica
Iris-virginica
Iris-virginica
Iris-virginica
Iris-virginica
Iris-virginica
Iris-virginica
Iris-virginica
Iris-virginica
Iris-virginica
Iris-virginica
Iris-virginica
Iris-virginica
Iris-setosa
Iris-setosa
Iris-setosa
Iris-setosa
Iris-setosa
Iris-setosa
Iris-setosa
Iris-setosa
Iris-setosa
Iris-setosa
Iris-setosa
Iris-setosa
Iris-setosa
Iris-setosa
Iris-setosa
Iris-setosa
Iris-setosa
Iris-setosa
Iris-setosa
Iris-setosa
Iris-setosa
Iris-setosa
Iris-setosa
Iris-setosa
Iris-setosa
Iris-setosa
Iris-setosa
Iris-setosa
Iris-setosa
Iris-setosa
Iris-setosa
Iris-setosa
Iris-setosa
Iris-setosa
Iris-setosa
Iris-setosa
Iris-setosa
Iris-setosa
Iris-setosa
Iris-setosa
Iris-setosa
Iris-setosa
Iris-setosa
Iris-setosa
Iris-setosa
Iris-setosa
Iris-setosa
Iris-setosa
Iris-setosa
Iris-setosa
Iris-versicolor
Iris-versicolor
Iris-versicolor
Iris-versicolor
Iris-versicolor
Iris-versicolor
Iris-versicolor
Iris-versicolor
Iris-versicolor
Iris-versicolor
Iris-versicolor
Iris-versicolor
Iris-versicolor
Iris-versicolor
Iris-versicolor
Iris-versicolor
Iris-versicolor
Iris-versicolor
Iris-versicolor
Iris-versicolor
Iris-versicolor
Iris-versicolor
Iris-versicolor
Iris-versicolor
Iris-versicolor
Iris-versicolor
Iris-versicolor
Iris-versicolor
Iris-versicolor
Iris-versicolor
Iris-versicolor
Iris-versicolor
Iris-versicolor
Iris-versicolor
Iris-versicolor
Iris-versicolor
Iris-versicolor
Iris-versicolor
Iris-versicolor
Iris-versicolor
Iris-versicolor
Iris-versicolor
Iris-versicolor
Iris-versicolor
Iris-versicolor
Iris-versicolor
Iris-versicolor
Iris-versicolor
Iris-versicolor
Iris-versicolor
Iris-virginica
Iris-virginica
Iris-virginica
Iris-virginica
Iris-virginica
Iris-virginica
Iris-virginica
Iris-virginica
Iris-virginica
Iris-virginica
Iris-virginica
Iris-virginica
Iris-virginica
Iris-virginica
Iris-virginica
Iris-virginica
Iris-virginica
Iris-virginica
Iris-virginica
Iris-virginica
Iris-virginica
Iris-virginica
Iris-virginica
Iris-virginica
Iris-virginica
Iris-virginica
Iris-virginica
Iris-virginica
Iris-virginica
Iris-virginica
Iris-virginica
Iris-virginica
Iris-virginica
Iris-virginica
Iris-virginica
Iris-virginica
Iris-virginica
Iris-virginica
Iris-virginica
Iris-virginica
Iris-virginica
Iris-virginica
Iris-virginica
Iris-virginica
Iris-virginica
Iris-virginica
Iris-virginica
Iris-virginica
Iris-virginica
Iris-virginica
Node: 0, 100.0
  Node: 3, 1.9
    Leaf: Iris-setosa
    Leaf: Iris-versicolor
  Leaf: Iris-virginica

Iris-setosa
Iris-setosa
Iris-virginica
Iris-versicolor
Iris-versicolor
Iris-setosa
Iris-setosa
Iris-versicolor
Iris-virginica
Iris-virginica
Iris-versicolor
Iris-virginica
Iris-versicolor
Iris-virginica
Iris-versicolor
Iris-setosa
Iris-virginica
Iris-versicolor
Iris-setosa
Iris-setosa
Iris-setosa
Iris-versicolor
Iris-virginica
Iris-setosa
Iris-setosa
Iris-setosa
Iris-versicolor
Iris-setosa
Iris-versicolor
Iris-virginica
Iris-setosa
Iris-versicolor
Iris-virginica
Iris-setosa
Iris-virginica
Iris-virginica
Iris-versicolor
Iris-versicolor
Iris-virginica
Iris-versicolor
Iris-setosa
Iris-versicolor
Iris-virginica
Iris-setosa
Iris-setosa
Iris-versicolor
Iris-versicolor
Iris-setosa
Iris-virginica
Iris-setosa
Iris-setosa
Iris-versicolor
Iris-versicolor
Iris-virginica
Iris-versicolor
Iris-virginica
Iris-virginica
Iris-versicolor
Iris-setosa
Iris-setosa
Iris-virginica
Iris-virginica
Iris-setosa
Iris-setosa
Iris-setosa
Iris-versicolor
Iris-virginica
Iris-setosa
Iris-virginica
Iris-virginica
Iris-setosa
Iris-versicolor
Iris-versicolor
Iris-virginica
Iris-versicolor
Iris-virginica
Iris-setosa
Iris-virginica
Iris-versicolor
Iris-virginica
Iris-versicolor
Iris-versicolor
Iris-versicolor
Iris-setosa
Iris-versicolor
Iris-versicolor
Iris-setosa
Iris-versicolor
Iris-virginica
Iris-virginica
Iris-setosa
Iris-versicolor
Iris-virginica
Iris-virginica
Iris-setosa
Iris-virginica
Iris-setosa
Iris-versicolor
Iris-virginica
Iris-virginica
Iris-versicolor
Iris-virginica
Iris-versicolor
Iris-versicolor
Iris-virginica
Iris-virginica
Iris-setosa
Iris-versicolor
Iris-virginica
Iris-setosa
Iris-versicolor
Iris-virginica
Iris-versicolor
Iris-setosa
Iris-virginica
Iris-versicolor
Iris-versicolor
Iris-setosa
Iris-versicolor
Iris-virginica
Iris-versicolor
Iris-versicolor
Iris-virginica
Iris-setosa
Iris-setosa
Iris-setosa
Iris-setosa
Iris-versicolor
Iris-virginica
Iris-versicolor
Iris-versicolor
Iris-virginica
Iris-setosa
Iris-virginica
Iris-setosa
Iris-virginica
Iris-virginica
Iris-virginica
Iris-virginica
Iris-virginica
Iris-setosa
Iris-setosa
Iris-setosa
Iris-setosa
Iris-versicolor
Iris-setosa
Iris-setosa
Iris-virginica
Iris-versicolor
Iris-setosa
Node: 0, 100.0
  Node: 3, 1.7
    Leaf: Iris-setosa
    Leaf: Iris-versicolor
  Leaf: Iris-virginica

Iris-versicolor
Iris-virginica
Iris-versicolor
Iris-setosa
Iris-versicolor
Iris-virginica
Iris-setosa
Iris-setosa
Iris-versicolor
Iris-versicolor
Iris-setosa
Iris-virginica
Iris-setosa
Iris-setosa
Iris-versicolor
Iris-versicolor
Iris-virginica
Iris-versicolor
Iris-virginica
Iris-virginica
Iris-versicolor
Iris-setosa
Iris-setosa
Iris-virginica
Iris-virginica
Iris-setosa
Iris-setosa
Iris-setosa
Iris-versicolor
Iris-virginica
Iris-setosa
Iris-virginica
Iris-virginica
Iris-setosa
Iris-versicolor
Iris-versicolor
Iris-virginica
Iris-versicolor
Iris-virginica
Iris-setosa
Iris-virginica
Iris-versicolor
Iris-virginica
Iris-versicolor
Iris-versicolor
Iris-versicolor
Iris-setosa
Iris-versicolor
Iris-versicolor
Iris-setosa
Iris-versicolor
Iris-virginica
Iris-virginica
Iris-setosa
Iris-versicolor
Iris-virginica
Iris-virginica
Iris-setosa
Iris-virginica
Iris-setosa
Iris-versicolor
Iris-virginica
Iris-virginica
Iris-versicolor
Iris-virginica
Iris-versicolor
Iris-versicolor
Iris-virginica
Iris-virginica
Iris-setosa
Iris-versicolor
Iris-virginica
Iris-setosa
Iris-versicolor
Iris-virginica
Iris-versicolor
Iris-setosa
Iris-virginica
Iris-versicolor
Iris-versicolor
Iris-setosa
Iris-versicolor
Iris-virginica
Iris-versicolor
Iris-versicolor
Iris-virginica
Iris-setosa
Iris-setosa
Iris-setosa
Iris-setosa
Iris-versicolor
Iris-virginica
Iris-versicolor
Iris-versicolor
Iris-virginica
Iris-setosa
Iris-virginica
Iris-setosa
Iris-virginica
Iris-virginica
Iris-virginica
Iris-virginica
Iris-virginica
Iris-setosa
Iris-setosa
Iris-setosa
Iris-setosa
Iris-versicolor
Iris-setosa
Iris-setosa
Iris-virginica
Iris-versicolor
Iris-setosa
Iris-setosa
Iris-setosa
Iris-virginica
Iris-versicolor
Iris-versicolor
Iris-setosa
Iris-setosa
Iris-versicolor
Iris-virginica
Iris-virginica
Iris-versicolor
Iris-virginica
Iris-versicolor
Iris-virginica
Iris-versicolor
Iris-setosa
Iris-virginica
Iris-versicolor
Iris-setosa
Iris-setosa
Iris-versicolor
Iris-versicolor
Iris-virginica
Iris-versicolor
Iris-setosa
Iris-setosa
Iris-versicolor
Iris-setosa
Iris-versicolor
Iris-virginica
Iris-setosa
Iris-versicolor
Iris-virginica
Iris-setosa
Iris-virginica
Iris-virginica
Iris-versicolor
Node: 12, 14.37
  Node: 5, 6.957
    Node: 5, 6.027
      Node: 7, 4.7075
        Node: 6, 68.7
          Node: 5, 4.973
            Leaf: 10
            Node: 12, 8.47
              Node: 12, 8.26
                Leaf: 20
                Leaf: 10
              Leaf: 20
          Node: 0, 0.11132
            Leaf: 20
            Node: 0, 1.49632
              Node: 12, 9.97
                Leaf: 20
                Leaf: 10
              Node: 6, 96.2
                Node: 3, 0.0
                  Leaf: 20
                  Leaf: 50
                Leaf: 10
        Node: 6, 33.3
          Node: 2, 3.37
            Leaf: 10
            Node: 5, 5.706
              Leaf: 10
              Leaf: 20
          Leaf: 10
      Node: 12, 11.98
        Node: 9, 216.0
          Leaf: 30
          Node: 12, 4.32
            Node: 10, 18.3
              Leaf: 30
              Leaf: 20
            Node: 7, 1.1691
              Leaf: 50
              Node: 11, 70.8
                Leaf: 10
                Node: 10, 13.0
                  Leaf: 30
                  Node: 5, 6.879
                    Node: 9, 411.0
                      Node: 5, 6.781
                        Node: 8, 7.0
                          Leaf: 20
                          Node: 6, 67.8
                            Leaf: 20
                            Leaf: 30
                        Node: 5, 6.782
                          Leaf: 30
                          Leaf: 20
                      Node: 7, 2.2565
                        Leaf: 10
                        Node: 7, 5.2146
                          Leaf: 20
                          Leaf: 10
                    Node: 0, 9.068e-2
                      Leaf: 30
                      Leaf: 20
        Node: 6, 91.0
          Node: 0, 3.8497
            Leaf: 20
            Node: 0, 6.65492
              Leaf: 10
              Leaf: 20
          Leaf: 10
    Node: 5, 7.42
      Node: 5, 7.079
        Node: 0, 3.359e-2
          Leaf: 30
          Node: 3, 0.0
            Node: 9, 193.0
              Leaf: 30
              Leaf: 20
            Leaf: 50
        Leaf: 30
      Node: 0, 0.57529
        Node: 12, 4.14
          Node: 0, 2.009e-2
            Node: 6, 32.0
              Leaf: 50
              Leaf: 40
            Leaf: 40
          Node: 4, 0.488
            Leaf: 30
            Node: 0, 0.52693
              Leaf: 50
              Leaf: 40
        Node: 8, 5.0
          Leaf: 50
          Leaf: 20
  Node: 0, 11.1604
    Node: 9, 296.0
      Node: 4, 0.453
        Leaf: 10
        Node: 6, 88.5
          Leaf: 20
          Node: 5, 5.879
            Node: 6, 95.8
              Leaf: 10
              Leaf: 20
            Leaf: 20
      Node: 6, 39.0
        Leaf: 20
        Node: 2, 21.89
          Node: 2, 7.87
            Node: 7, 5.9505
              Leaf: 20
              Leaf: 10
            Node: 6, 84.4
              Node: 4, 0.679
                Leaf: 10
                Node: 11, 338.16
                  Node: 4, 0.693
                    Leaf: 0
                    Leaf: 10
                  Leaf: 20
              Node: 11, 21.57
                Node: 4, 0.679
                  Leaf: 0
                  Leaf: 10
                Node: 6, 98.8
                  Leaf: 10
                  Node: 6, 98.9
                    Node: 5, 5.39
                      Leaf: 10
                      Leaf: 0
                    Leaf: 10
          Node: 0, 0.15086
            Leaf: 10
            Leaf: 0
    Node: 4, 0.671
      Node: 0, 13.0751
        Leaf: 20
        Leaf: 10
      Node: 12, 15.17
        Leaf: 10
        Node: 11, 88.27
          Leaf: 0
          Node: 11, 240.52
            Leaf: 10
            Node: 5, 4.652
              Node: 0, 20.0849
                Leaf: 0
                Leaf: 10
              Leaf: 0

20
20
30
30
20
20
10
10
10
20
20
10
20
10
20
10
10
10
10
10
10
10
10
10
10
20
10
10
10
10
10
20
20
30
30
20
20
20
10
20
10
10
10
20
10
30
20
30
20
10
10
10
20
20
30
20
10
20
10
20
20
20
20
20
20
20
20
20
20
20
20
20
20
20
20
20
20
20
20
20
20
20
30
40
30
20
20
10
20
10
10
20
10
10
20
20
10
10
10
10
20
20
20
10
20
10
10
10
10
10
20
10
10
10
10
10
10
10
10
10
10
10
10
10
10
10
10
20
20
20
50
50
20
20
50
20
20
10
10
20
20
20
20
20
30
30
30
30
20
20
30
20
30
30
20
50
30
30
30
30
20
40
40
50
20
20
10
20
20
20
20
20
20
20
20
20
30
40
50
30
20
30
40
20
20
30
20
20
20
10
20
20
20
20
20
20
20
40
20
40
50
30
30
30
40
30
30
20
50
40
20
20
20
30
30
30
30
20
30
40
40
50
30
20
20
20
20
30
20
20
20
20
20
20
30
30
20
20
20
10
20
10
20
20
10
10
20
20
20
20
20
10
20
20
20
20
10
20
10
20
20
20
10
10
20
10
10
30
10
20
10
10
20
20
20
10
30
10
10
20
20
20
10
20
10
20
20
20
50
50
50
10
10
10
10
10
10
10
10
0
0
10
0
10
10
20
0
10
10
0
0
0
0
10
0
0
0
10
10
10
10
10
0
0
0
10
0
0
10
10
20
10
0
10
10
10
10
10
10
0
0
0
10
10
10
10
10
10
10
10
10
10
10
10
10
20
10
10
20
20
10
10
20
10
10
20
10
10
10
10
10
20
20
20
20
20
10
20
10
0
0
10
20
20
20
20
10
10
20
10
10
20
20
20
20
20
30
30
20
20
10
10
10
20
20
10
20
10
20
10
10
10
10
10
10
10
10
10
10
20
10
10
10
10
10
20
20
30
30
20
20
20
10
20
10
10
10
20
10
30
20
30
20
10
10
10
20
20
30
20
10
20
10
20
20
20
20
20
20
20
20
20
20
20
20
20
20
20
20
20
20
20
20
20
20
20
30
40
30
20
20
10
20
10
10
20
10
10
20
20
10
10
10
10
20
20
20
10
20
10
10
10
10
10
20
10
10
10
10
10
10
10
10
10
10
10
10
10
10
10
10
20
20
20
50
50
20
20
50
20
20
10
10
20
20
20
20
20
30
30
30
30
20
20
30
20
30
30
20
50
30
30
30
30
20
40
40
50
20
20
10
20
20
20
20
20
20
20
20
20
30
40
50
30
20
30
40
20
20
30
20
20
20
10
20
20
20
20
20
20
20
40
20
40
50
30
30
30
40
30
30
20
50
40
20
20
20
30
30
30
30
20
30
40
40
50
30
20
20
20
20
30
20
20
20
20
20
20
30
30
20
20
20
10
20
10
20
20
10
10
20
20
20
20
20
10
20
20
20
20
10
20
10
20
20
20
10
10
20
10
10
30
10
20
10
10
20
20
20
10
30
10
10
20
20
20
10
20
10
20
20
20
50
50
50
10
10
10
10
10
10
10
10
0
0
10
0
10
10
20
0
10
10
0
0
0
0
10
0
0
0
10
10
10
10
10
0
0
0
10
0
0
10
10
20
10
0
10
10
10
10
10
10
0
0
0
10
10
10
10
10
10
10
10
10
10
10
10
10
20
10
10
20
20
10
10
20
10
10
20
10
10
10
10
10
20
20
20
20
20
10
20
10
0
0
10
20
20
20
20
10
10
20
10
10
20
20
20
Node: 12, 14.37
  Node: 5, 6.794
    Node: 5, 6.023
      Node: 7, 4.7075
        Node: 6, 69.7
          Node: 7, 4.429
            Leaf: 20
            Node: 12, 8.26
              Leaf: 20
              Leaf: 10
          Node: 5, 5.648
            Node: 2, 18.1
              Leaf: 20
              Leaf: 10
            Node: 12, 9.97
              Leaf: 20
              Leaf: 10
        Node: 6, 19.1
          Leaf: 20
          Node: 4, 0.409
            Node: 0, 0.12816
              Leaf: 20
              Leaf: 10
            Leaf: 10
      Node: 12, 11.97
        Node: 9, 193.0
          Leaf: 30
          Node: 12, 3.53
            Leaf: 30
            Node: 11, 70.8
              Leaf: 10
              Node: 7, 2.2565
                Node: 8, 5.0
                  Leaf: 20
                  Leaf: 10
                Leaf: 20
        Node: 6, 91.0
          Node: 0, 3.8497
            Leaf: 20
            Node: 0, 6.44405
              Leaf: 10
              Leaf: 20
          Leaf: 10
    Node: 5, 7.42
      Node: 5, 7.041
        Node: 12, 6.9
          Node: 10, 18.3
            Node: 5, 6.98
              Leaf: 30
              Node: 1, 70.0
                Leaf: 20
                Leaf: 30
            Node: 0, 8.221e-2
              Leaf: 20
              Leaf: 50
          Leaf: 20
        Leaf: 30
      Node: 0, 0.53412
        Node: 3, 0.0
          Node: 5, 8.266
            Leaf: 40
            Leaf: 50
          Node: 0, 1.501e-2
            Leaf: 50
            Leaf: 30
        Node: 6, 82.9
          Leaf: 20
          Leaf: 50
  Node: 0, 11.1604
    Node: 4, 0.51
      Node: 7, 4.2392
        Node: 5, 5.404
          Leaf: 10
          Leaf: 20
        Leaf: 10
      Node: 0, 9.299e-2
        Leaf: 20
        Node: 9, 666.0
          Node: 5, 6.629
            Node: 6, 82.5
              Node: 6, 82.0
                Leaf: 10
                Leaf: 20
              Node: 7, 1.6334
                Node: 7, 1.5804
                  Leaf: 10
                  Leaf: 0
                Leaf: 10
            Node: 5, 6.782
              Leaf: 0
              Leaf: 10
          Node: 0, 0.15086
            Leaf: 10
            Leaf: 0
    Node: 4, 0.671
      Node: 0, 13.0751
        Leaf: 20
        Leaf: 10
      Node: 12, 15.17
        Leaf: 10
        Node: 5, 5.854
          Node: 11, 240.52
            Leaf: 10
            Node: 5, 4.652
              Node: 12, 28.28
                Leaf: 10
                Leaf: 0
              Leaf: 0
          Leaf: 0

10
20
30
10
10
10
10
20
10
40
20
0
10
20
20
20
10
20
30
10
10
10
10
10
10
20
20
20
20
30
10
20
20
10
20
40
20
20
0
20
20
20
20
0
20
10
10
20
10
20
10
20
30
10
20
30
30
0
20
10
0
10
10
30
10
10
20
10
10
20
10
10
20
20
10
20
30
10
20
10
0
10
0
20
10
30
20
20
10
20
0
20
20
10
20
20
10
30
10
20
10
10
10
30
10
10
30
0
20
10
20
20
10
10
10
20
20
20
20
40
40
10
30
40
10
30
20
10
10
10
20
20
10
0
10
20
20
10
10
40
10
10
10
20
20
10
20
20
10
10
20
10
20
20
20
20
30
20
20
10
20
20
10
0
50
20
10
20
10
0
50
10
20
30
20
0
20
10
10
20
20
10
30
20
10
30
20
30
20
30
50
10
10
10
20
20
50
40
10
10
20
20
20
10
20
0
20
30
10
10
10
30
20
0
20
20
20
10
20
10
20
0
10
20
30
40
20
20
20
0
20
10
20
20
10
20
30
30
10
20
0
20
20
10
10
0
20
20
10
10
10
50
0
20
10
20
30
10
20
10
20
20
20
10
20
10
30
20
10
10
20
30
20
10
10
20
10
20
50
20
20
10
20
10
20
30
10
20
10
20
20
10
10
10
20
20
20
20
20
10
30
10
30
20
0
10
20
20
10
20
20
0
10
10
10
20
20
10
20
20
10
20
20
10
20
40
10
20
10
10
10
10
20
20
20
20
40
20
20
30
10
20
10
10
20
10
20
10
10
10
10
40
20
10
20
20
20
0
20
10
30
10
20
20
10
30
30
20
20
10
40
10
20
10
10
20
10
20
10
20
20
10
10
30
50
20
20
20
10
20
20
30
10
10
Node: 12, 14.37
  Node: 5, 7.007
    Node: 5, 6.023
      Node: 7, 3.8473
        Node: 6, 69.7
          Leaf: 20
          Node: 4, 0.605
            Leaf: 10
            Leaf: 20
        Node: 0, 0.62739
          Node: 2, 9.9
            Leaf: 10
            Leaf: 20
          Leaf: 20
      Node: 12, 4.5
        Node: 6, 27.9
          Leaf: 20
          Leaf: 30
        Node: 12, 14.09
          Node: 11, 70.8
            Leaf: 10
            Node: 10, 20.9
              Node: 7, 2.2565
                Node: 8, 5.0
                  Leaf: 20
                  Leaf: 10
                Leaf: 20
              Node: 2, 8.14
                Leaf: 10
                Leaf: 20
          Leaf: 10
    Node: 5, 7.42
      Node: 8, 8.0
        Leaf: 30
        Leaf: 50
      Node: 2, 5.86
        Node: 10, 13.6
          Node: 5, 7.52
            Leaf: 40
            Leaf: 50
          Leaf: 40
        Node: 6, 82.9
          Node: 1, 0.0
            Leaf: 20
            Leaf: 30
          Leaf: 50
  Node: 0, 11.1604
    Node: 10, 19.1
      Node: 5, 5.404
        Leaf: 10
        Node: 10, 17.9
          Node: 3, 0.0
            Leaf: 10
            Leaf: 20
          Leaf: 20
      Node: 9, 666.0
        Node: 6, 82.5
          Node: 2, 9.69
            Leaf: 10
            Leaf: 20
          Node: 7, 1.6334
            Node: 7, 1.4547
              Leaf: 10
              Leaf: 0
            Leaf: 10
        Node: 0, 0.15086
          Leaf: 10
          Leaf: 0
    Node: 4, 0.671
      Node: 0, 13.0751
        Leaf: 20
        Leaf: 10
      Node: 11, 68.95
        Leaf: 0
        Node: 11, 240.52
          Leaf: 10
          Node: 5, 4.652
            Node: 12, 28.28
              Leaf: 10
              Leaf: 0
            Leaf: 0

10
20
10
10
10
30
10
10
30
0
20
10
20
20
10
10
10
20
20
20
20
40
40
10
30
40
10
30
20
10
10
10
20
20
10
0
10
20
20
10
10
40
10
10
10
20
20
10
20
20
10
10
20
10
20
20
20
20
30
20
20
10
20
20
10
0
50
20
10
20
10
0
50
10
20
30
20
0
20
10
10
20
20
10
30
20
10
30
20
30
20
30
50
10
10
10
20
20
50
40
10
10
20
20
20
10
20
0
20
30
10
10
10
30
20
0
20
20
20
10
20
10
20
0
10
20
30
40
20
20
20
0
20
10
20
20
10
20
30
30
10
20
0
20
20
10
10
0
20
20
10
10
10
50
0
20
10
20
30
10
20
10
20
20
20
10
20
10
30
20
10
10
20
30
20
10
10
20
10
20
50
20
20
10
20
10
20
30
10
20
10
20
20
10
10
10
20
20
10
20
20
10
30
10
20
20
0
10
50
20
10
20
20
10
10
10
20
20
10
10
20
20
10
20
20
10
20
40
10
20
10
10
10
10
10
10
10
20
40
20
20
30
10
20
10
20
20
10
10
10
20
10
10
40
20
10
10
20
20
10
20
10
30
10
20
20
10
30
30
20
20
10
40
10
30
10
10
20
20
20
10
20
20
20
20
40
50
20
20
20
10
20
40
30
20
10
10
20
20
10
10
10
10
20
10
20
20
0
10
20
20
20
20
20
20
20
20
10
10
10
10
20
30
20
10
30
10
10
20
10
20
40
10
10
0
20
20
10
20
0
10
10
10
20
10
20
10
20
20
20
20
20
30
0
10
10
10
10
20
30
10
20
20
20
10
20
0
10
20
20
10
20
20
10
20
10
0
20
0
20
20
20
20
20
20
10
0
20
20
10
20
20
10
30
Node: 10, 10.5
  Node: 9, 0.58
    Node: 10, 9.7
      Node: 8, 3.54
        Node: 10, 9.0
          Node: 3, 1.6
            Leaf: 4
            Node: 8, 3.25
              Leaf: 3
              Node: 3, 1.8
                Leaf: 5
                Node: 2, 9.0e-2
                  Leaf: 6
                  Node: 1, 0.34
                    Leaf: 6
                    Leaf: 5
          Node: 6, 8.0
            Leaf: 4
            Node: 5, 26.0
              Node: 3, 4.3
                Node: 1, 0.965
                  Node: 4, 7.9e-2
                    Node: 1, 0.84
                      Node: 8, 3.24
                        Node: 0, 8.0
                          Leaf: 6
                          Node: 9, 0.48
                            Node: 8, 3.08
                              Leaf: 5
                              Leaf: 6
                            Leaf: 5
                        Node: 2, 0.23
                          Node: 0, 8.7
                            Node: 4, 7.8e-2
                              Node: 6, 25.0
                                Node: 8, 3.33
                                  Leaf: 6
                                  Node: 0, 7.7
                                    Leaf: 5
                                    Leaf: 7
                                Leaf: 5
                              Node: 0, 6.7
                                Leaf: 6
                                Leaf: 5
                            Leaf: 4
                          Node: 8, 3.33
                            Node: 3, 2.0
                              Leaf: 6
                              Leaf: 5
                            Leaf: 6
                      Leaf: 4
                    Node: 8, 3.3
                      Node: 10, 9.3
                        Node: 0, 8.6
                          Leaf: 5
                          Leaf: 4
                        Leaf: 5
                      Node: 0, 9.0
                        Node: 9, 0.46
                          Leaf: 4
                          Node: 8, 3.31
                            Node: 0, 7.7
                              Leaf: 5
                              Leaf: 4
                            Node: 0, 7.0
                              Node: 0, 6.3
                                Leaf: 5
                                Leaf: 6
                              Leaf: 5
                        Node: 1, 0.615
                          Leaf: 5
                          Leaf: 6
                  Leaf: 3
                Node: 0, 7.8
                  Leaf: 6
                  Leaf: 4
              Leaf: 5
        Leaf: 6
      Node: 1, 0.585
        Node: 9, 0.47
          Leaf: 5
          Node: 2, 1.0e-2
            Leaf: 7
            Node: 5, 29.0
              Node: 0, 10.6
                Node: 8, 3.2
                  Leaf: 6
                  Node: 8, 3.42
                    Node: 4, 0.102
                      Node: 4, 8.1e-2
                        Node: 1, 0.45
                          Node: 4, 7.8e-2
                            Leaf: 6
                            Leaf: 5
                          Node: 6, 31.0
                            Node: 4, 6.8e-2
                              Leaf: 5
                              Leaf: 6
                            Leaf: 5
                        Node: 2, 0.24
                          Leaf: 6
                          Node: 0, 8.8
                            Leaf: 6
                            Leaf: 5
                      Leaf: 4
                    Leaf: 4
                Node: 1, 0.28
                  Leaf: 6
                  Leaf: 5
              Leaf: 5
        Node: 9, 0.54
          Node: 4, 6.9e-2
            Node: 7, 0.9946
              Node: 1, 0.65
                Leaf: 7
                Leaf: 4
              Node: 1, 0.67
                Node: 7, 0.9976
                  Leaf: 5
                  Leaf: 6
                Leaf: 6
            Node: 5, 3.0
              Leaf: 3
              Node: 2, 0.28
                Node: 0, 8.6
                  Leaf: 5
                  Node: 3, 2.6
                    Leaf: 5
                    Leaf: 6
                Node: 6, 70.0
                  Leaf: 5
                  Leaf: 6
          Node: 6, 27.0
            Leaf: 5
            Node: 7, 0.9952
              Leaf: 5
              Node: 7, 0.9984
                Node: 0, 7.0
                  Node: 2, 5.0e-2
                    Leaf: 5
                    Leaf: 6
                  Leaf: 6
                Leaf: 5
    Node: 6, 81.0
      Node: 0, 10.8
        Node: 10, 9.8
          Node: 1, 0.55
            Node: 2, 0.44
              Node: 6, 28.0
                Node: 6, 13.0
                  Node: 0, 9.4
                    Leaf: 5
                    Leaf: 6
                  Node: 3, 3.0
                    Node: 1, 0.27
                      Node: 0, 8.3
                        Leaf: 6
                        Leaf: 5
                      Leaf: 6
                    Leaf: 5
                Node: 9, 0.59
                  Leaf: 6
                  Node: 5, 24.0
                    Node: 6, 58.0
                      Node: 3, 1.7
                        Leaf: 5
                        Node: 7, 0.99732
                          Node: 6, 37.0
                            Node: 1, 0.38
                              Leaf: 7
                              Leaf: 5
                            Node: 10, 9.3
                              Leaf: 5
                              Leaf: 6
                          Node: 6, 50.0
                            Leaf: 6
                            Node: 4, 8.7e-2
                              Leaf: 5
                              Leaf: 6
                      Leaf: 5
                    Leaf: 6
              Node: 7, 0.9969
                Node: 9, 1.08
                  Leaf: 6
                  Leaf: 5
                Node: 10, 9.6
                  Node: 2, 0.68
                    Leaf: 5
                    Leaf: 4
                  Leaf: 6
            Node: 1, 0.78
              Node: 4, 0.104
                Node: 5, 11.0
                  Node: 1, 0.63
                    Node: 6, 50.0
                      Node: 10, 9.5
                        Leaf: 5
                        Node: 5, 8.0
                          Leaf: 5
                          Leaf: 6
                      Leaf: 6
                    Node: 9, 0.71
                      Node: 3, 1.9
                        Node: 5, 3.0
                          Leaf: 6
                          Leaf: 5
                        Node: 5, 10.0
                          Leaf: 6
                          Leaf: 4
                      Node: 3, 1.3
                        Leaf: 4
                        Leaf: 5
                  Node: 7, 1.00015
                    Node: 8, 3.17
                      Leaf: 6
                      Node: 4, 6.8e-2
                        Node: 9, 0.67
                          Leaf: 5
                          Leaf: 6
                        Leaf: 5
                    Leaf: 6
                Node: 9, 0.66
                  Node: 8, 3.16
                    Leaf: 3
                    Leaf: 6
                  Node: 0, 8.7
                    Leaf: 5
                    Node: 2, 0.37
                      Leaf: 5
                      Leaf: 6
              Node: 1, 0.84
                Leaf: 6
                Node: 8, 3.2
                  Leaf: 5
                  Leaf: 4
          Node: 1, 0.65
            Node: 8, 3.42
              Node: 2, 0.31
                Node: 8, 3.41
                  Node: 3, 3.0
                    Node: 4, 7.6e-2
                      Node: 9, 0.62
                        Leaf: 5
                        Leaf: 6
                      Leaf: 6
                    Node: 5, 7.0
                      Leaf: 5
                      Leaf: 6
                  Leaf: 7
                Node: 2, 0.32
                  Node: 9, 0.64
                    Leaf: 5
                    Leaf: 7
                  Node: 5, 14.0
                    Node: 9, 0.63
                      Leaf: 5
                      Node: 1, 0.32
                        Node: 1, 0.21
                          Leaf: 5
                          Leaf: 7
                        Node: 10, 10.0
                          Node: 8, 3.22
                            Leaf: 7
                            Leaf: 8
                          Leaf: 6
                    Leaf: 6
              Node: 1, 0.3
                Leaf: 6
                Node: 3, 1.7
                  Node: 1, 0.56
                    Leaf: 6
                    Leaf: 4
                  Node: 2, 0.0
                    Leaf: 6
                    Node: 5, 8.0
                      Node: 1, 0.52
                        Leaf: 6
                        Leaf: 5
                      Leaf: 5
            Node: 2, 0.16
              Node: 0, 6.8
                Node: 5, 6.0
                  Node: 0, 6.2
                    Leaf: 4
                    Leaf: 3
                  Leaf: 5
                Node: 4, 8.4e-2
                  Leaf: 6
                  Node: 3, 2.6
                    Leaf: 5
                    Leaf: 6
              Leaf: 5
        Node: 0, 11.5
          Node: 2, 0.41
            Leaf: 5
            Leaf: 6
          Node: 9, 0.82
            Node: 8, 3.02
              Node: 5, 6.0
                Node: 0, 12.6
                  Leaf: 8
                  Leaf: 6
                Leaf: 7
              Node: 3, 3.2
                Node: 4, 9.4e-2
                  Node: 5, 27.0
                    Leaf: 6
                    Leaf: 5
                  Node: 3, 2.0
                    Leaf: 6
                    Leaf: 5
                Leaf: 7
            Node: 1, 0.43
              Leaf: 7
              Node: 1, 0.46
                Leaf: 5
                Leaf: 4
      Node: 8, 2.93
        Leaf: 6
        Node: 6, 105.0
          Node: 8, 3.29
            Node: 9, 0.95
              Node: 7, 1.00289
                Leaf: 5
                Leaf: 6
              Leaf: 6
            Node: 4, 7.7e-2
              Node: 2, 0.36
                Leaf: 5
                Leaf: 4
              Node: 1, 0.28
                Leaf: 7
                Node: 5, 10.0
                  Leaf: 5
                  Leaf: 6
          Node: 3, 1.5
            Leaf: 4
            Leaf: 5
  Node: 1, 0.37
    Node: 4, 0.11
      Node: 2, 0.27
        Node: 9, 0.79
          Leaf: 6
          Leaf: 5
        Node: 3, 1.5
          Node: 2, 0.41
            Leaf: 6
            Node: 7, 0.99498
              Leaf: 7
              Leaf: 5
          Node: 7, 0.99552
            Node: 8, 3.33
              Node: 5, 3.0
                Node: 1, 0.3
                  Leaf: 7
                  Leaf: 6
                Node: 8, 2.98
                  Leaf: 8
                  Node: 1, 0.19
                    Node: 0, 7.9
                      Node: 3, 1.6
                        Leaf: 6
                        Leaf: 5
                      Leaf: 7
                    Node: 8, 3.18
                      Node: 10, 12.3
                        Node: 0, 8.8
                          Leaf: 7
                          Leaf: 5
                        Leaf: 6
                      Node: 1, 0.35
                        Leaf: 7
                        Node: 4, 6.2e-2
                          Leaf: 7
                          Leaf: 8
              Node: 6, 44.0
                Node: 9, 0.6
                  Node: 0, 6.8
                    Leaf: 7
                    Leaf: 6
                  Leaf: 7
                Node: 3, 1.6
                  Leaf: 5
                  Leaf: 6
            Node: 4, 8.5e-2
              Node: 0, 8.4
                Node: 10, 11.1
                  Leaf: 6
                  Node: 0, 7.9
                    Node: 5, 15.0
                      Node: 8, 3.35
                        Leaf: 8
                        Leaf: 6
                      Leaf: 5
                    Leaf: 7
                Node: 6, 17.0
                  Node: 3, 2.1
                    Leaf: 6
                    Node: 2, 0.41
                      Leaf: 7
                      Node: 2, 0.56
                        Node: 0, 10.7
                          Leaf: 8
                          Leaf: 7
                        Node: 1, 0.29
                          Leaf: 6
                          Leaf: 5
                  Node: 2, 0.47
                    Node: 7, 0.99562
                      Leaf: 5
                      Leaf: 7
                    Node: 10, 11.0
                      Leaf: 6
                      Node: 9, 0.54
                        Leaf: 6
                        Leaf: 7
              Node: 5, 9.0
                Leaf: 7
                Leaf: 5
      Leaf: 6
    Node: 9, 0.58
      Node: 5, 8.0
        Node: 6, 10.0
          Node: 4, 5.8e-2
            Leaf: 4
            Node: 1, 0.39
              Leaf: 4
              Node: 4, 0.12
                Leaf: 6
                Leaf: 3
          Node: 8, 3.36
            Node: 8, 3.19
              Leaf: 5
              Node: 9, 0.57
                Node: 0, 9.5
                  Leaf: 6
                  Leaf: 7
                Node: 2, 1.0e-2
                  Leaf: 4
                  Leaf: 5
            Node: 0, 4.6
              Leaf: 4
              Node: 7, 0.99162
                Leaf: 6
                Node: 2, 0.0
                  Node: 10, 10.9
                    Leaf: 5
                    Node: 3, 2.0
                      Leaf: 6
                      Leaf: 5
                  Leaf: 5
        Node: 1, 0.98
          Node: 10, 11.1
            Node: 10, 10.8
              Node: 1, 0.56
                Leaf: 5
                Leaf: 6
              Leaf: 5
            Node: 8, 3.48
              Node: 5, 9.0
                Leaf: 7
                Node: 1, 0.62
                  Leaf: 6
                  Node: 7, 0.99371
                    Leaf: 6
                    Leaf: 4
              Node: 7, 0.99385
                Leaf: 5
                Node: 0, 6.4
                  Leaf: 6
                  Node: 1, 0.84
                    Leaf: 7
                    Leaf: 4
          Leaf: 4
      Node: 6, 85.0
        Node: 2, 0.5
          Node: 9, 0.66
            Node: 6, 46.0
              Node: 3, 5.1
                Node: 4, 9.8e-2
                  Node: 0, 6.6
                    Node: 4, 8.0e-2
                      Node: 0, 6.5
                        Leaf: 6
                        Node: 2, 2.0e-2
                          Leaf: 6
                          Leaf: 7
                      Leaf: 5
                    Leaf: 6
                  Node: 0, 6.8
                    Leaf: 6
                    Leaf: 5
                Leaf: 7
              Node: 3, 2.1
                Node: 8, 3.62
                  Leaf: 5
                  Leaf: 7
                Node: 7, 0.99648
                  Leaf: 6
                  Leaf: 5
            Node: 5, 21.0
              Node: 8, 3.32
                Node: 7, 0.99516
                  Node: 9, 0.79
                    Node: 8, 3.23
                      Leaf: 8
                      Node: 0, 8.8
                        Leaf: 6
                        Leaf: 7
                    Leaf: 5
                  Node: 4, 8.5e-2
                    Node: 8, 3.08
                      Node: 1, 0.56
                        Leaf: 5
                        Leaf: 6
                      Leaf: 6
                    Node: 5, 5.0
                      Node: 1, 0.44
                        Leaf: 5
                        Leaf: 6
                      Leaf: 5
                Node: 1, 0.66
                  Node: 7, 0.99692
                    Node: 10, 11.1
                      Node: 1, 0.5
                        Leaf: 6
                        Node: 5, 12.0
                          Leaf: 5
                          Node: 0, 5.9
                            Leaf: 6
                            Node: 0, 6.4
                              Leaf: 4
                              Leaf: 7
                      Node: 9, 0.7
                        Node: 7, 0.9948
                          Leaf: 6
                          Node: 2, 0.3
                            Leaf: 7
                            Leaf: 8
                        Node: 5, 17.0
                          Leaf: 7
                          Leaf: 8
                    Leaf: 7
                  Node: 0, 5.6
                    Leaf: 5
                    Node: 5, 18.0
                      Leaf: 6
                      Node: 1, 0.7
                        Leaf: 5
                        Leaf: 6
              Node: 3, 4.0
                Node: 4, 0.119
                  Node: 7, 0.99374
                    Node: 5, 26.0
                      Leaf: 6
                      Leaf: 7
                    Leaf: 6
                  Node: 0, 6.4
                    Leaf: 7
                    Leaf: 6
                Leaf: 7
          Node: 0, 10.5
            Node: 3, 2.3
              Leaf: 6
              Node: 4, 0.116
                Leaf: 7
                Leaf: 6
            Node: 3, 2.8
              Leaf: 6
              Node: 8, 3.17
                Node: 4, 9.3e-2
                  Leaf: 6
                  Leaf: 7
                Node: 1, 0.53
                  Node: 1, 0.39
                    Leaf: 7
                    Leaf: 5
                  Leaf: 8
        Node: 7, 0.9927
          Node: 3, 1.4
            Leaf: 8
            Leaf: 7
          Node: 6, 86.0
            Leaf: 4
            Node: 8, 3.32
              Leaf: 6
              Leaf: 5

5
5
5
6
5
5
5
7
7
5
5
5
7
6
5
5
5
6
5
5
5
6
5
5
5
6
6
7
5
4
6
5
4
5
5
6
6
5
6
5
5
6
5
5
5
5
5
5
6
5
4
5
6
5
4
5
5
6
5
6
5
5
5
5
6
5
4
5
5
6
6
6
5
5
5
5
5
5
5
6
5
6
6
5
6
5
5
5
5
7
5
5
6
5
5
5
6
5
6
5
5
6
6
4
5
5
5
5
5
5
6
5
4
6
5
5
5
5
4
6
4
6
6
5
5
6
5
5
5
5
5
5
6
5
5
5
5
6
5
5
5
6
4
7
6
7
7
5
6
6
5
6
5
5
5
5
6
5
5
6
6
6
7
6
6
6
6
5
6
6
7
7
6
5
6
6
6
5
5
5
5
5
5
7
5
4
5
5
5
4
8
6
6
6
6
6
6
8
7
6
7
7
5
5
6
6
7
5
7
6
6
6
5
5
5
5
6
6
5
5
5
6
6
6
6
5
5
7
6
5
6
6
7
5
6
5
7
7
6
5
7
6
6
6
6
6
6
5
5
6
6
5
7
7
6
5
6
5
5
7
7
5
7
6
6
6
7
6
6
5
6
8
6
5
7
5
6
5
5
6
6
5
6
7
4
6
5
7
5
5
6
5
6
5
7
5
7
7
6
6
5
6
7
5
5
6
5
6
6
5
8
7
7
5
5
6
6
6
6
7
5
8
5
5
3
6
5
6
6
6
6
5
5
6
6
5
5
6
6
5
8
5
5
6
6
7
7
6
6
8
6
5
8
6
6
7
7
7
7
7
6
7
6
6
7
7
5
6
3
6
5
5
6
5
6
5
5
6
6
6
5
6
7
5
5
6
5
6
6
5
6
6
6
6
6
6
5
5
6
5
6
5
5
6
6
5
6
6
6
6
5
4
5
5
6
5
5
7
5
8
5
6
5
5
5
6
6
5
6
6
6
6
5
5
6
5
6
5
5
5
5
5
5
5
6
5
6
5
6
4
5
5
5
5
6
5
5
5
4
7
6
5
5
6
5
5
5
7
6
6
5
6
5
6
6
6
5
5
6
5
5
5
6
5
5
5
5
5
5
5
5
5
5
6
6
5
6
6
6
6
4
4
5
5
5
6
5
5
5
5
5
5
5
5
5
5
6
5
5
6
5
5
5
5
5
5
6
5
6
5
5
6
6
6
6
5
5
5
6
6
6
5
5
5
5
5
6
6
6
5
6
5
6
5
5
6
5
6
5
5
6
5
5
5
6
6
5
6
5
6
5
6
5
5
7
6
5
7
6
6
7
5
6
5
6
4
6
5
5
7
5
5
7
5
4
6
4
7
7
7
5
6
5
5
6
5
5
5
6
6
6
7
7
5
5
5
5
5
4
7
6
6
6
6
5
6
6
5
5
6
5
6
6
7
6
7
5
7
7
7
5
6
6
6
6
6
6
5
6
6
6
5
6
5
7
6
4
5
7
5
6
5
6
5
7
7
7
7
7
7
7
7
7
7
5
6
7
6
5
5
6
5
6
6
7
5
5
7
6
5
6
6
6
5
5
6
5
5
5
6
6
6
7
5
7
7
7
7
7
6
5
6
6
7
6
5
6
6
5
6
7
6
6
5
7
5
6
7
7
7
6
6
6
6
6
5
6
6
5
5
7
6
7
5
7
7
6
8
6
6
6
6
7
7
5
7
5
6
6
5
7
7
6
6
5
7
6
7
7
8
6
6
7
6
6
5
6
6
6
6
5
7
5
6
6
7
6
6
6
6
6
6
5
8
6
7
6
5
6
7
7
7
6
6
5
6
6
6
6
6
5
6
6
7
6
6
6
5
6
5
7
7
7
5
7
6
6
6
6
6
6
6
4
5
6
5
5
5
5
4
6
5
7
6
6
6
6
6
6
7
8
5
7
7
5
7
7
6
6
6
6
6
6
6
6
5
5
5
7
5
6
5
5
6
6
6
4
4
5
5
5
5
6
5
5
5
5
5
6
6
5
4
5
6
6
6
6
6
6
6
5
5
6
6
4
6
6
7
6
6
6
6
5
5
5
5
5
6
6
5
6
6
3
6
6
6
5
5
5
5
6
5
6
6
6
6
5
6
6
6
6
5
6
6
5
6
5
5
6
5
5
5
6
6
6
6
5
6
5
5
6
5
5
5
6
5
6
5
6
6
5
6
6
5
6
5
5
6
6
6
5
5
5
5
5
5
6
5
5
5
6
5
5
6
5
6
8
6
6
6
7
6
6
6
6
5
5
5
5
7
5
5
5
5
6
4
5
5
5
5
6
7
6
5
5
5
6
5
6
5
8
7
7
7
6
6
5
5
7
6
4
6
5
7
4
7
3
5
5
6
5
5
7
5
7
3
5
4
5
5
5
5
5
5
6
5
5
7
6
6
6
5
6
6
3
6
6
6
5
6
5
6
6
6
5
5
5
5
5
6
6
6
6
5
6
5
7
6
5
6
7
6
5
5
8
5
6
5
7
5
6
5
5
5
5
5
5
6
6
5
5
6
6
6
5
6
6
6
6
6
6
5
5
7
6
6
6
6
6
6
5
6
5
5
5
5
6
5
5
5
7
7
5
5
5
7
6
5
5
5
6
5
5
5
6
5
5
5
6
6
7
5
4
6
5
4
5
5
6
6
5
6
5
5
6
5
5
5
5
5
5
6
5
4
5
6
5
4
5
5
6
5
6
5
5
5
5
6
5
4
5
5
6
6
6
5
5
5
5
5
5
5
6
5
6
6
5
6
5
5
5
5
7
5
5
6
5
5
5
6
5
6
5
5
6
6
4
5
5
5
5
5
5
6
5
4
6
5
5
5
5
4
6
4
6
6
5
5
6
5
5
5
5
5
5
6
5
5
5
5
6
5
5
5
6
4
7
6
7
7
5
6
6
5
6
5
5
5
5
6
5
5
6
6
6
7
6
6
6
6
5
6
6
7
7
6
5
6
6
6
5
5
5
5
5
5
7
5
4
5
5
5
4
8
6
6
6
6
6
6
8
7
6
7
7
5
5
6
6
7
5
7
6
6
6
5
5
5
5
6
6
5
5
5
6
6
6
6
5
5
7
6
5
6
6
7
5
6
5
7
7
6
5
7
6
6
6
6
6
6
5
5
6
6
5
7
7
6
5
6
5
5
7
7
5
7
6
6
6
7
6
6
5
6
8
6
5
7
5
6
5
5
6
6
5
6
7
4
6
5
7
5
5
6
5
6
5
7
5
7
7
6
6
5
6
7
5
5
6
5
6
6
5
8
7
7
5
5
6
6
6
6
7
5
8
5
5
3
6
5
6
6
6
6
5
5
6
6
5
5
6
6
5
8
5
5
6
6
7
7
6
6
8
6
5
8
6
6
7
7
7
7
7
6
7
6
6
7
7
5
6
3
6
5
5
6
5
6
5
5
6
6
6
5
6
7
5
5
6
5
6
6
5
6
6
6
6
6
6
5
5
6
5
6
5
5
6
6
5
6
6
6
6
5
4
5
5
6
5
5
7
5
8
5
6
5
5
5
6
6
5
6
6
6
6
5
5
6
5
6
5
5
5
5
5
5
5
6
5
6
5
6
4
5
5
5
5
6
5
5
5
4
7
6
5
5
6
5
5
5
7
6
6
5
6
5
6
6
6
5
5
6
5
5
5
6
5
5
5
5
5
5
5
5
5
5
6
6
5
6
6
6
6
4
4
5
5
5
6
5
5
5
5
5
5
5
5
5
5
6
5
5
6
5
5
5
5
5
5
6
5
6
5
5
6
6
6
6
5
5
5
6
6
6
5
5
5
5
5
6
6
6
5
6
5
6
5
5
6
5
6
5
5
6
5
5
5
6
6
5
6
5
6
5
6
5
5
7
6
5
7
6
6
7
5
6
5
6
4
6
5
5
7
5
5
7
5
4
6
4
7
7
7
5
6
5
5
6
5
5
5
6
6
6
7
7
5
5
5
5
5
4
7
6
6
6
6
5
6
6
5
5
6
5
6
6
7
6
7
5
7
7
7
5
6
6
6
6
6
6
5
6
6
6
5
6
5
7
6
4
5
7
5
6
5
6
5
7
7
7
7
7
7
7
7
7
7
5
6
7
6
5
5
6
5
6
6
7
5
5
7
6
5
6
6
6
5
5
6
5
5
5
6
6
6
7
5
7
7
7
7
7
6
5
6
6
7
6
5
6
6
5
6
7
6
6
5
7
5
6
7
7
7
6
6
6
6
6
5
6
6
5
5
7
6
7
5
7
7
6
8
6
6
6
6
7
7
5
7
5
6
6
5
7
7
6
6
5
7
6
7
7
8
6
6
7
6
6
5
6
6
6
6
5
7
5
6
6
7
6
6
6
6
6
6
5
8
6
7
6
5
6
7
7
7
6
6
5
6
6
6
6
6
5
6
6
7
6
6
6
5
6
5
7
7
7
5
7
6
6
6
6
6
6
6
4
5
6
5
5
5
5
4
6
5
7
6
6
6
6
6
6
7
8
5
7
7
5
7
7
6
6
6
6
6
6
6
6
5
5
5
7
5
6
5
5
6
6
6
4
4
5
5
5
5
6
5
5
5
5
5
6
6
5
4
5
6
6
6
6
6
6
6
5
5
6
6
4
6
6
7
6
6
6
6
5
5
5
5
5
6
6
5
6
6
3
6
6
6
5
5
5
5
6
5
6
6
6
6
5
6
6
6
6
5
6
6
5
6
5
5
6
5
5
5
6
6
6
6
5
6
5
5
6
5
5
5
6
5
6
5
6
6
5
6
6
5
6
5
5
6
6
6
5
5
5
5
5
5
6
5
5
5
6
5
5
6
5
6
8
6
6
6
7
6
6
6
6
5
5
5
5
7
5
5
5
5
6
4
5
5
5
5
6
7
6
5
5
5
6
5
6
5
8
7
7
7
6
6
5
5
7
6
4
6
5
7
4
7
3
5
5
6
5
5
7
5
7
3
5
4
5
5
5
5
5
5
6
5
5
7
6
6
6
5
6
6
3
6
6
6
5
6
5
6
6
6
5
5
5
5
5
6
6
6
6
5
6
5
7
6
5
6
7
6
5
5
8
5
6
5
7
5
6
5
5
5
5
5
5
6
6
5
5
6
6
6
5
6
6
6
6
6
6
5
5
7
6
6
6
6
6
6
5
6
5
Node: 10, 10.3
  Node: 9, 0.58
    Node: 4, 6.9e-2
      Node: 0, 7.3
        Node: 0, 7.1
          Leaf: 5
          Node: 1, 0.35
            Leaf: 4
            Node: 1, 0.65
              Leaf: 7
              Node: 1, 0.69
                Leaf: 5
                Leaf: 3
        Node: 9, 0.47
          Node: 0, 8.6
            Leaf: 5
            Leaf: 6
          Leaf: 6
      Node: 5, 24.0
        Node: 9, 0.55
          Node: 1, 0.41
            Node: 4, 8.0e-2
              Node: 4, 7.9e-2
                Leaf: 6
                Node: 1, 0.34
                  Leaf: 6
                  Leaf: 5
              Leaf: 5
            Node: 8, 3.51
              Node: 1, 1.035
                Node: 0, 8.6
                  Node: 2, 0.17
                    Node: 10, 9.0
                      Node: 0, 7.0
                        Leaf: 5
                        Leaf: 4
                      Node: 3, 4.1
                        Leaf: 5
                        Node: 0, 7.1
                          Leaf: 3
                          Leaf: 5
                    Node: 6, 68.0
                      Node: 2, 0.18
                        Leaf: 6
                        Node: 7, 0.9968
                          Leaf: 5
                          Node: 1, 0.47
                            Leaf: 5
                            Leaf: 4
                      Node: 1, 0.66
                        Node: 4, 7.2e-2
                          Leaf: 6
                          Leaf: 5
                        Leaf: 6
                  Node: 2, 0.18
                    Node: 2, 5.0e-2
                      Leaf: 4
                      Leaf: 6
                    Node: 10, 9.8
                      Node: 0, 8.8
                        Node: 4, 8.8e-2
                          Leaf: 4
                          Leaf: 5
                        Leaf: 5
                      Leaf: 4
                Leaf: 6
              Leaf: 6
          Node: 4, 7.8e-2
            Node: 6, 25.0
              Node: 0, 6.8
                Leaf: 6
                Leaf: 7
              Node: 7, 0.9992
                Node: 5, 21.0
                  Leaf: 5
                  Leaf: 6
                Leaf: 3
            Node: 7, 0.9961
              Leaf: 5
              Node: 3, 2.2
                Node: 1, 0.4
                  Leaf: 5
                  Leaf: 6
                Node: 3, 2.6
                  Leaf: 5
                  Node: 10, 9.0
                    Leaf: 5
                    Leaf: 6
        Node: 0, 9.9
          Node: 8, 3.08
            Node: 3, 1.8
              Leaf: 6
              Leaf: 5
            Node: 10, 9.9
              Leaf: 5
              Node: 0, 8.3
                Leaf: 5
                Leaf: 6
          Leaf: 4
    Node: 6, 87.0
      Node: 1, 0.36
        Node: 5, 10.0
          Node: 5, 7.0
            Node: 3, 2.1
              Node: 0, 7.2
                Leaf: 8
                Leaf: 6
              Node: 10, 9.6
                Leaf: 5
                Node: 7, 0.9987
                  Node: 3, 2.2
                    Leaf: 8
                    Leaf: 7
                  Leaf: 6
            Leaf: 7
          Node: 2, 9.0e-2
            Leaf: 7
            Leaf: 6
        Node: 1, 0.65
          Node: 10, 9.8
            Node: 6, 27.0
              Node: 1, 0.55
                Node: 1, 0.38
                  Leaf: 5
                  Node: 7, 0.9994
                    Node: 5, 4.0
                      Leaf: 5
                      Leaf: 6
                    Leaf: 5
                Node: 1, 0.615
                  Node: 6, 24.0
                    Node: 4, 0.115
                      Leaf: 5
                      Leaf: 3
                    Leaf: 6
                  Leaf: 6
              Node: 1, 0.4
                Node: 10, 9.3
                  Leaf: 5
                  Node: 6, 79.0
                    Node: 4, 6.6e-2
                      Leaf: 7
                      Node: 8, 3.45
                        Leaf: 6
                        Node: 0, 6.4
                          Leaf: 6
                          Leaf: 5
                    Leaf: 4
                Node: 3, 1.8
                  Leaf: 5
                  Node: 10, 9.5
                    Node: 2, 0.26
                      Node: 5, 10.0
                        Node: 1, 0.54
                          Leaf: 6
                          Leaf: 5
                        Leaf: 6
                      Node: 1, 0.54
                        Node: 2, 0.51
                          Node: 6, 82.0
                            Leaf: 5
                            Leaf: 6
                          Leaf: 4
                        Leaf: 6
                    Node: 5, 17.0
                      Node: 3, 2.0
                        Leaf: 5
                        Node: 0, 7.7
                          Leaf: 6
                          Leaf: 5
                      Leaf: 5
            Node: 10, 10.1
              Node: 5, 26.0
                Node: 0, 6.1
                  Node: 0, 5.6
                    Leaf: 4
                    Leaf: 7
                  Node: 2, 0.33
                    Node: 6, 46.0
                      Leaf: 6
                      Leaf: 5
                    Node: 9, 0.76
                      Node: 10, 10.0
                        Leaf: 7
                        Leaf: 6
                      Leaf: 6
                Leaf: 7
              Node: 2, 0.28
                Node: 3, 2.0
                  Node: 1, 0.53
                    Leaf: 6
                    Leaf: 5
                  Leaf: 6
                Node: 3, 2.0
                  Node: 0, 12.0
                    Leaf: 6
                    Leaf: 5
                  Leaf: 5
          Node: 7, 0.9976
            Node: 5, 12.0
              Node: 0, 8.4
                Node: 6, 12.0
                  Leaf: 3
                  Node: 3, 2.2
                    Node: 0, 7.0
                      Node: 1, 0.695
                        Leaf: 5
                        Leaf: 4
                      Leaf: 4
                    Leaf: 6
                Leaf: 5
              Node: 9, 0.59
                Leaf: 6
                Leaf: 5
            Node: 10, 10.1
              Node: 5, 16.0
                Leaf: 6
                Node: 1, 0.69
                  Leaf: 5
                  Leaf: 4
              Leaf: 5
      Node: 9, 1.22
        Node: 8, 3.31
          Leaf: 5
          Node: 9, 0.62
            Leaf: 5
            Leaf: 6
        Leaf: 6
  Node: 9, 0.65
    Node: 1, 0.84
      Node: 10, 11.4
        Node: 4, 7.5e-2
          Node: 9, 0.64
            Node: 6, 10.0
              Node: 1, 0.34
                Leaf: 7
                Leaf: 4
              Node: 3, 2.8
                Node: 2, 0.0
                  Node: 0, 7.4
                    Leaf: 6
                    Leaf: 5
                  Node: 8, 3.11
                    Leaf: 6
                    Node: 5, 21.0
                      Node: 4, 5.5e-2
                        Node: 0, 8.1
                          Leaf: 5
                          Leaf: 7
                        Leaf: 5
                      Node: 0, 7.7
                        Leaf: 6
                        Leaf: 5
                Node: 0, 6.7
                  Leaf: 6
                  Leaf: 7
            Node: 1, 0.35
              Leaf: 8
              Leaf: 6
          Node: 3, 2.9
            Node: 0, 6.2
              Leaf: 5
              Node: 8, 3.34
                Node: 9, 0.58
                  Node: 6, 19.0
                    Node: 0, 7.7
                      Leaf: 7
                      Leaf: 6
                    Node: 0, 6.9
                      Leaf: 6
                      Leaf: 5
                  Node: 0, 7.4
                    Leaf: 5
                    Node: 1, 0.32
                      Leaf: 5
                      Node: 8, 3.33
                        Leaf: 6
                        Leaf: 5
                Node: 4, 7.6e-2
                  Leaf: 5
                  Node: 9, 0.63
                    Node: 1, 0.69
                      Leaf: 6
                      Node: 1, 0.74
                        Leaf: 5
                        Leaf: 6
                    Leaf: 5
            Node: 0, 6.6
              Leaf: 6
              Node: 0, 11.2
                Leaf: 5
                Leaf: 7
        Node: 1, 0.56
          Node: 3, 4.6
            Node: 4, 1.2e-2
              Leaf: 7
              Node: 0, 5.6
                Node: 0, 4.6
                  Leaf: 4
                  Node: 0, 5.2
                    Leaf: 7
                    Leaf: 5
                Node: 5, 40.5
                  Node: 6, 12.0
                    Node: 1, 0.3
                      Leaf: 7
                      Node: 3, 1.8
                        Leaf: 7
                        Node: 3, 3.8
                          Leaf: 6
                          Leaf: 7
                    Node: 1, 0.545
                      Leaf: 6
                      Leaf: 7
                  Leaf: 8
            Node: 2, 0.4
              Node: 3, 6.3
                Leaf: 4
                Leaf: 6
              Leaf: 7
          Node: 0, 6.6
            Node: 9, 0.55
              Leaf: 5
              Node: 3, 1.7
                Leaf: 6
                Node: 5, 15.0
                  Node: 3, 2.5
                    Leaf: 5
                    Leaf: 4
                  Node: 0, 6.1
                    Leaf: 6
                    Leaf: 7
            Node: 2, 9.0e-2
              Leaf: 6
              Leaf: 5
      Node: 2, 8.0e-2
        Node: 4, 5.8e-2
          Leaf: 6
          Node: 6, 12.0
            Node: 6, 9.0
              Leaf: 3
              Leaf: 5
            Node: 9, 0.58
              Leaf: 4
              Leaf: 6
        Node: 9, 0.62
          Leaf: 5
          Leaf: 4
    Node: 10, 11.4
      Node: 6, 71.0
        Node: 6, 49.0
          Node: 4, 8.4e-2
            Node: 1, 0.39
              Node: 1, 0.35
                Node: 8, 3.15
                  Leaf: 7
                  Node: 1, 0.18
                    Leaf: 5
                    Node: 10, 11.1
                      Node: 8, 3.21
                        Node: 2, 0.42
                          Leaf: 7
                          Leaf: 6
                        Leaf: 6
                      Node: 5, 16.0
                        Leaf: 7
                        Leaf: 6
                Node: 2, 0.31
                  Leaf: 8
                  Leaf: 7
              Node: 6, 24.0
                Node: 5, 3.0
                  Leaf: 7
                  Leaf: 6
                Node: 7, 0.99622
                  Node: 4, 5.5e-2
                    Leaf: 5
                    Leaf: 6
                  Node: 6, 42.0
                    Node: 1, 0.5
                      Leaf: 7
                      Node: 8, 3.49
                        Leaf: 5
                        Leaf: 7
                    Leaf: 6
            Node: 8, 2.92
              Leaf: 5
              Node: 3, 2.2
                Node: 1, 0.48
                  Leaf: 5
                  Leaf: 6
                Node: 1, 0.28
                  Leaf: 5
                  Node: 5, 5.0
                    Leaf: 6
                    Node: 10, 11.2
                      Leaf: 7
                      Node: 1, 0.41
                        Leaf: 6
                        Leaf: 7
          Node: 9, 0.85
            Leaf: 6
            Node: 0, 6.0
              Leaf: 6
              Leaf: 5
        Node: 5, 31.0
          Node: 1, 0.26
            Leaf: 6
            Leaf: 5
          Node: 0, 8.4
            Leaf: 6
            Leaf: 7
      Node: 5, 18.0
        Node: 9, 0.7
          Node: 10, 11.8
            Node: 9, 0.66
              Leaf: 7
              Leaf: 8
            Node: 2, 0.49
              Leaf: 6
              Leaf: 8
          Node: 2, 0.4
            Node: 3, 1.4
              Leaf: 8
              Node: 1, 0.18
                Leaf: 6
                Leaf: 7
            Node: 5, 5.0
              Node: 0, 9.7
                Leaf: 6
                Node: 1, 0.32
                  Leaf: 8
                  Leaf: 5
              Node: 9, 0.76
                Leaf: 7
                Node: 2, 0.45
                  Leaf: 6
                  Node: 0, 10.2
                    Node: 4, 7.4e-2
                      Leaf: 7
                      Node: 0, 9.4
                        Leaf: 8
                        Leaf: 7
                    Leaf: 6
        Node: 8, 3.37
          Node: 7, 0.99418
            Node: 2, 2.0e-2
              Leaf: 7
              Leaf: 6
            Node: 0, 10.4
              Node: 8, 3.32
                Leaf: 7
                Node: 9, 0.76
                  Leaf: 7
                  Leaf: 6
              Leaf: 5
          Node: 8, 3.68
            Leaf: 6
            Leaf: 8

5
5
7
6
6
5
7
6
6
6
7
5
6
6
5
5
6
5
4
6
7
6
6
6
6
7
6
5
5
5
6
5
5
6
6
5
5
5
5
6
7
5
6
6
6
5
5
7
5
4
8
6
5
6
6
5
6
5
5
3
6
5
5
7
5
5
6
6
7
5
6
6
7
6
6
5
7
6
6
6
7
5
6
5
5
6
5
5
5
5
8
7
6
4
5
6
7
5
6
7
6
6
5
6
5
6
5
5
6
6
5
8
6
6
5
5
4
6
5
5
6
5
5
6
7
5
6
7
7
5
6
4
4
6
5
6
7
6
6
5
6
5
6
6
5
6
5
5
7
6
5
5
5
4
6
6
6
6
6
6
7
3
5
5
5
5
5
5
5
3
5
6
6
7
5
5
6
5
7
7
6
6
6
6
4
5
5
6
5
5
6
6
5
6
5
6
7
5
7
5
5
6
6
7
6
6
6
5
5
6
6
6
7
6
6
6
7
5
5
5
5
5
7
7
6
6
5
6
5
6
8
6
5
6
5
6
6
6
6
5
6
6
5
5
5
7
5
5
6
5
5
7
5
5
6
4
4
5
6
7
6
5
6
6
5
6
6
5
5
6
6
5
5
5
6
5
6
6
6
6
4
6
5
7
5
5
5
5
5
6
5
5
5
7
5
5
6
5
5
6
6
6
7
6
6
6
5
5
6
6
5
6
6
5
5
3
6
6
5
6
7
7
5
6
6
6
5
5
5
6
4
6
5
5
7
6
6
7
6
6
6
5
5
5
5
6
6
5
5
5
5
5
4
6
5
6
5
5
6
5
5
5
7
3
5
7
6
5
5
5
5
7
8
5
7
5
8
6
6
6
5
6
5
6
5
6
4
6
6
6
5
5
6
7
6
5
8
7
5
5
5
5
6
5
5
7
6
6
5
5
5
6
5
6
5
6
4
6
6
5
7
6
6
6
5
8
6
6
5
6
4
5
6
5
5
6
5
6
5
5
7
5
6
5
6
7
5
7
4
6
6
7
4
5
5
5
6
5
5
7
4
6
5
6
5
5
5
6
6
6
6
7
6
5
5
7
6
7
6
5
7
6
5
6
6
5
5
5
5
6
8
5
5
6
5
5
6
5
5
6
5
5
6
5
6
5
5
5
6
7
5
5
6
6
6
5
5
5
5
7
5
6
5
5
6
5
5
5
6
7
5
5
7
6
7
6
6
5
7
4
6
6
6
5
5
5
5
6
5
7
6
6
6
6
7
7
7
7
5
5
5
5
5
5
6
5
4
6
8
5
6
6
7
6
5
6
6
5
5
5
7
3
5
7
5
6
5
5
7
5
5
6
6
5
5
6
7
6
7
6
5
6
6
5
5
6
6
6
5
5
5
7
5
7
5
7
6
5
5
6
6
6
6
5
5
7
6
7
6
6
6
8
6
5
5
6
5
7
6
6
7
5
5
5
6
5
5
6
5
5
6
5
7
5
5
5
5
5
5
5
6
5
6
5
5
5
5
5
5
6
6
5
6
5
5
6
6
4
6
7
6
5
7
5
6
5
7
5
6
5
7
6
6
5
6
6
7
5
7
6
5
6
7
6
5
5
6
5
6
5
6
6
7
6
5
5
5
6
7
7
5
6
6
5
5
5
7
7
5
6
5
5
6
5
6
6
7
7
6
4
5
5
6
5
7
6
4
7
6
6
6
5
6
6
6
6
7
6
5
6
6
5
6
5
5
6
7
5
5
5
5
6
6
5
5
6
7
5
5
6
5
6
5
6
5
6
6
6
5
6
6
5
5
5
6
5
6
7
6
7
5
7
6
7
5
6
5
5
5
5
5
6
6
6
6
6
6
5
6
6
6
5
6
6
5
5
5
6
4
5
6
5
6
6
7
8
7
6
7
6
6
6
6
6
8
5
5
6
5
6
5
6
4
5
6
6
6
5
6
6
5
5
7
5
6
5
5
7
6
6
6
5
4
5
4
5
7
7
5
5
6
5
6
7
5
6
6
5
6
6
5
5
5
5
6
8
6
7
6
6
6
5
5
5
5
5
6
6
5
5
7
6
7
5
7
5
5
5
6
5
7
7
5
6
5
4
5
6
6
5
5
6
5
5
6
5
5
5
6
4
6
5
6
4
5
8
6
5
6
5
5
5
5
5
6
6
5
6
7
5
6
6
5
5
7
6
7
7
5
5
5
6
6
6
8
5
6
5
6
5
6
6
5
4
6
5
6
5
5
7
7
5
5
6
6
6
6
7
5
6
5
6
5
5
5
5
5
6
6
6
6
6
5
5
5
7
6
5
5
6
6
7
5
5
6
6
5
6
6
5
4
5
6
6
6
6
5
6
5
7
6
5
5
6
5
6
7
6
6
7
5
7
6
4
6
6
6
4
6
5
6
7
7
5
6
6
6
6
5
4
6
5
6
6
5
7
6
4
5
5
5
6
7
5
6
6
7
7
8
5
5
6
6
5
7
6
5
8
6
7
5
6
6
5
6
5
5
5
3
6
6
5
5
6
5
5
5
5
6
6
6
6
5
6
6
5
5
6
6
5
6
5
5
5
6
5
5
5
7
4
5
5
7
Node: 10, 10.3
  Node: 1, 0.33
    Node: 6, 24.0
      Node: 9, 0.64
        Leaf: 6
        Node: 9, 0.78
          Node: 3, 1.9
            Leaf: 7
            Leaf: 5
          Leaf: 7
      Node: 0, 5.2
        Leaf: 5
        Leaf: 6
    Node: 6, 98.0
      Node: 9, 0.52
        Node: 10, 9.5
          Leaf: 5
          Node: 8, 3.27
            Node: 5, 11.0
              Node: 9, 0.43
                Leaf: 6
                Node: 4, 7.8e-2
                  Node: 2, 9.0e-2
                    Leaf: 5
                    Leaf: 6
                  Leaf: 5
              Leaf: 6
            Node: 10, 9.6
              Leaf: 4
              Leaf: 5
        Node: 5, 8.0
          Node: 1, 0.55
            Node: 1, 0.38
              Node: 0, 10.6
                Leaf: 5
                Node: 2, 0.41
                  Leaf: 5
                  Leaf: 6
              Node: 6, 11.0
                Leaf: 5
                Node: 0, 11.6
                  Leaf: 6
                  Leaf: 5
            Node: 8, 3.48
              Node: 5, 7.0
                Node: 10, 9.0
                  Node: 1, 0.61
                    Leaf: 3
                    Leaf: 6
                  Node: 7, 0.9963
                    Node: 0, 7.6
                      Leaf: 5
                      Leaf: 6
                    Leaf: 5
                Node: 1, 0.64
                  Leaf: 5
                  Leaf: 6
              Leaf: 4
          Node: 4, 9.7e-2
            Node: 9, 0.68
              Node: 4, 6.2e-2
                Node: 1, 0.48
                  Leaf: 7
                  Leaf: 3
                Node: 10, 9.4
                  Node: 4, 8.3e-2
                    Node: 0, 9.9
                      Leaf: 5
                      Leaf: 3
                    Node: 2, 0.11
                      Node: 1, 0.49
                        Leaf: 5
                        Leaf: 6
                      Leaf: 4
                  Node: 2, 0.21
                    Node: 2, 2.0e-2
                      Node: 7, 0.99745
                        Node: 0, 7.5
                          Leaf: 6
                          Leaf: 7
                        Leaf: 5
                      Node: 1, 0.4
                        Leaf: 6
                        Node: 7, 0.9983
                          Node: 2, 6.0e-2
                            Node: 4, 7.8e-2
                              Leaf: 5
                              Leaf: 6
                            Leaf: 5
                          Leaf: 6
                    Node: 0, 8.2
                      Node: 5, 17.0
                        Leaf: 6
                        Node: 6, 65.0
                          Leaf: 6
                          Node: 5, 32.0
                            Leaf: 5
                            Leaf: 6
                      Node: 10, 10.0
                        Node: 4, 7.0e-2
                          Leaf: 4
                          Node: 6, 93.0
                            Leaf: 5
                            Leaf: 6
                        Leaf: 6
              Node: 7, 0.9965
                Node: 4, 7.2e-2
                  Node: 2, 2.0e-2
                    Leaf: 4
                    Leaf: 7
                  Leaf: 5
                Node: 5, 17.0
                  Node: 1, 0.38
                    Leaf: 7
                    Leaf: 6
                  Node: 7, 0.9967
                    Leaf: 6
                    Node: 3, 2.1
                      Node: 1, 0.41
                        Leaf: 7
                        Leaf: 5
                      Leaf: 4
            Node: 9, 1.56
              Node: 7, 0.9955
                Leaf: 6
                Node: 9, 0.56
                  Node: 0, 9.9
                    Leaf: 5
                    Leaf: 6
                  Leaf: 5
              Node: 1, 0.52
                Leaf: 4
                Leaf: 6
      Node: 9, 1.22
        Leaf: 5
        Leaf: 6
  Node: 1, 0.635
    Node: 9, 0.66
      Node: 3, 3.3
        Node: 8, 3.6
          Node: 2, 0.15
            Node: 0, 5.2
              Leaf: 7
              Node: 5, 5.0
                Node: 0, 6.1
                  Leaf: 5
                  Leaf: 6
                Node: 9, 0.61
                  Leaf: 6
                  Node: 10, 11.4
                    Leaf: 6
                    Leaf: 7
            Node: 3, 1.8
              Node: 0, 6.7
                Leaf: 6
                Node: 10, 11.7
                  Node: 8, 3.14
                    Leaf: 7
                    Leaf: 5
                  Leaf: 6
              Node: 1, 0.59
                Node: 1, 0.28
                  Node: 8, 3.17
                    Node: 0, 10.1
                      Node: 4, 6.5e-2
                        Leaf: 6
                        Leaf: 8
                      Leaf: 5
                    Leaf: 7
                  Node: 8, 3.09
                    Leaf: 7
                    Node: 10, 12.7
                      Node: 10, 11.2
                        Node: 1, 0.42
                          Node: 8, 3.23
                            Node: 4, 7.0e-2
                              Leaf: 8
                              Node: 5, 17.0
                                Node: 0, 11.9
                                  Leaf: 6
                                  Leaf: 7
                                Leaf: 5
                            Leaf: 5
                          Leaf: 6
                        Leaf: 6
                      Leaf: 5
                Leaf: 5
          Node: 0, 4.6
            Leaf: 4
            Leaf: 5
        Node: 2, 0.53
          Node: 6, 29.0
            Leaf: 7
            Leaf: 6
          Node: 5, 5.0
            Leaf: 5
            Leaf: 6
      Node: 10, 11.5
        Node: 6, 71.0
          Node: 6, 49.0
            Node: 8, 3.32
              Node: 2, 0.63
                Node: 9, 0.68
                  Leaf: 7
                  Node: 4, 5.5e-2
                    Node: 1, 0.37
                      Leaf: 7
                      Leaf: 5
                    Node: 0, 7.2
                      Leaf: 7
                      Node: 1, 0.52
                        Node: 1, 0.18
                          Leaf: 5
                          Node: 6, 13.0
                            Node: 2, 0.45
                              Leaf: 6
                              Leaf: 5
                            Leaf: 6
                        Leaf: 5
                Leaf: 7
              Node: 0, 7.0
                Node: 10, 11.1
                  Leaf: 6
                  Node: 2, 9.0e-2
                    Leaf: 6
                    Leaf: 7
                Node: 2, 0.47
                  Node: 3, 2.2
                    Node: 7, 0.9962
                      Leaf: 7
                      Node: 0, 7.4
                        Leaf: 5
                        Leaf: 6
                    Leaf: 7
                  Leaf: 6
            Node: 4, 4.9e-2
              Leaf: 5
              Leaf: 6
          Node: 5, 31.0
            Leaf: 5
            Node: 0, 7.0
              Leaf: 6
              Leaf: 7
        Node: 9, 0.72
          Node: 3, 2.0
            Node: 9, 0.69
              Leaf: 8
              Node: 0, 8.4
                Leaf: 7
                Leaf: 6
            Leaf: 6
          Node: 8, 3.15
            Node: 1, 0.3
              Leaf: 8
              Leaf: 6
            Node: 4, 0.116
              Node: 10, 13.6
                Node: 5, 5.0
                  Leaf: 8
                  Node: 8, 3.32
                    Leaf: 7
                    Node: 7, 0.99615
                      Node: 3, 2.5
                        Leaf: 7
                        Leaf: 6
                      Node: 2, 0.45
                        Leaf: 6
                        Leaf: 8
                Node: 0, 5.0
                  Leaf: 8
                  Leaf: 6
              Leaf: 6
    Node: 9, 0.59
      Node: 0, 6.9
        Node: 1, 0.98
          Node: 3, 2.4
            Node: 9, 0.55
              Leaf: 6
              Leaf: 7
            Node: 8, 3.45
              Leaf: 4
              Leaf: 5
          Leaf: 4
        Leaf: 5
      Node: 1, 0.645
        Node: 4, 9.5e-2
          Leaf: 5
          Leaf: 6
        Node: 0, 5.6
          Node: 10, 11.5
            Leaf: 5
            Leaf: 8
          Node: 6, 81.0
            Node: 7, 0.99627
              Leaf: 6
              Node: 7, 0.99824
                Node: 6, 35.0
                  Leaf: 5
                  Leaf: 7
                Leaf: 6
            Leaf: 5

5
5
5
6
5
5
5
7
5
5
6
5
5
6
6
6
7
6
6
6
5
5
6
6
5
6
6
5
5
3
6
6
5
6
7
7
5
6
6
6
5
5
5
6
4
6
5
5
7
6
6
7
6
6
6
5
5
5
5
6
6
5
5
5
5
5
4
6
5
6
5
5
6
5
5
5
7
3
5
7
6
5
5
5
5
7
8
5
7
5
8
6
6
6
5
6
5
6
5
6
4
6
6
6
5
5
6
7
6
5
8
7
5
5
5
5
6
5
5
7
6
6
5
5
5
6
5
6
5
6
4
6
6
5
7
6
6
6
5
8
6
6
5
6
4
5
6
5
5
6
5
6
5
5
7
5
6
5
6
7
5
7
4
6
6
7
4
5
5
5
6
5
5
7
4
6
5
6
5
5
5
6
6
6
6
7
6
5
5
7
6
7
6
5
7
6
5
6
6
5
5
5
5
6
8
5
5
6
5
5
6
5
5
6
5
5
6
5
6
5
5
5
6
7
5
5
6
6
6
5
5
5
5
7
5
6
5
5
6
5
5
5
6
7
5
5
7
6
7
6
6
5
7
4
6
6
6
5
5
5
5
6
5
7
6
6
6
6
7
7
7
7
5
5
5
5
5
5
6
5
4
6
8
5
6
6
7
6
5
6
6
5
5
5
7
3
5
7
5
6
5
5
7
5
5
6
6
5
5
6
7
6
7
6
5
6
6
5
5
6
6
6
5
5
5
7
5
7
5
7
6
5
5
6
6
6
6
5
5
7
6
7
6
6
6
8
6
5
5
6
5
7
6
6
7
5
5
5
6
5
5
6
5
5
6
5
7
5
5
5
5
5
5
5
6
5
6
5
5
5
5
5
5
6
6
5
6
5
5
6
6
4
6
7
6
5
7
5
6
5
7
5
6
5
7
6
6
5
6
6
7
5
7
6
5
6
7
6
5
5
6
5
6
5
6
6
7
6
5
5
5
6
7
7
5
6
6
5
5
5
7
7
5
6
5
5
6
5
6
6
7
7
6
4
5
5
6
5
7
6
4
7
6
6
6
5
6
6
6
6
7
6
5
6
6
5
6
5
5
6
7
5
5
5
5
6
6
5
5
6
7
5
5
6
5
6
5
6
5
6
6
6
5
6
6
5
5
5
6
5
6
7
6
7
5
7
6
7
5
6
5
5
5
5
5
6
6
6
6
6
6
5
6
6
6
5
6
6
5
5
5
6
4
5
6
5
6
6
7
8
7
6
7
6
6
6
6
6
8
5
5
6
5
6
5
6
4
5
6
6
6
5
6
6
5
8
6
5
4
6
5
7
6
4
6
5
6
6
6
5
6
7
7
5
7
6
6
6
6
5
6
6
6
6
6
6
5
6
6
8
6
6
6
6
5
4
5
6
5
5
6
7
7
5
7
6
7
5
6
7
5
5
6
5
6
6
6
7
5
6
7
7
6
5
5
7
5
6
5
6
6
6
6
6
6
5
6
6
6
5
6
5
5
5
5
5
5
6
6
7
5
6
5
6
6
5
5
6
6
6
6
7
5
5
6
5
6
6
6
6
6
5
5
5
6
5
6
6
6
5
6
5
5
6
5
6
5
5
5
5
6
7
5
5
5
6
6
5
6
5
4
6
5
6
4
6
7
6
5
7
5
5
6
6
6
7
5
5
6
4
5
6
5
6
6
5
4
6
7
6
5
7
5
6
5
5
5
5
5
7
5
6
6
7
6
6
6
5
6
7
6
6
6
5
5
7
5
5
4
7
6
5
6
5
6
5
6
6
5
6
5
5
4
5
6
4
6
4
6
6
7
5
6
5
5
5
6
5
6
6
6
6
6
6
6
4
6
5
6
5
5
5
5
7
5
5
5
6
5
6
5
6
6
6
4
5
5
6
6
5
7
5
7
6
7
5
4
5
5
7
5
6
7
6
5
5
7
5
5
5
7
7
5
6
5
6
5
7
5
6
5
5
7
5
3
5
6
6
6
8
5
5
7
6
6
5
5
5
6
6
5
6
6
6
6
6
6
7
5
6
6
6
5
5
7
5
5
8
6
6
3
6
4
5
5
5
5
7
5
5
7
5
3
6
5
7
5
5
6
8
7
6
6
6
6
4
6
7
6
6
5
6
5
5
5
5
6
7
5
5
6
6
6
7
5
6
6
5
7
6
6
6
6
5
6
5
4
5
6
6
5
5
6
5
6
6
5
5
5
5
5
7
6
6
7
7
6
6
7
5
6
5
6
6
5
5
6
5
6
7
4
5
7
5
5
7
6
6
5
6
5
7
3
6
4
6
7
6
5
5
6
5
6
6
5
5
4
5
6
7
5
5
5
6
5
6
6
6
5
6
3
5
5
6
6
5
5
7
6
5
5
5
3
6
5
6
6
5
6
5
5
5
6
6
5
6
6
6
8
6
6
6
7
7
5
4
6
5
6
7
6
6
6
5
6
6
5
7
6
5
5
5
6
6
7
4
5
6
6
5
5
5
8
6
6
5
5
5
7
5
6
5
5
5
5
5
7
4
5
6
6
5
5
6
5
5
6
6
5
5
5
5
4
6
4
7
6
6
5
5
5
5
5
